{"/home/travis/build/npmtest/node-npmtest-pg-native/test.js":{"path":"/home/travis/build/npmtest/node-npmtest-pg-native/test.js","s":{"1":2,"2":2,"3":2,"4":2,"5":2,"6":2,"7":2,"8":1,"9":2,"10":2,"11":1,"12":1,"13":1,"14":1,"15":2,"16":2,"17":2,"18":2,"19":1,"20":1,"21":2,"22":2,"23":2,"24":1,"25":1,"26":1,"27":1,"28":1,"29":1,"30":1,"31":1,"32":1,"33":1,"34":1,"35":1,"36":1,"37":1,"38":1,"39":2,"40":2,"41":1,"42":2,"43":2,"44":1,"45":2,"46":2,"47":1,"48":2,"49":2,"50":1,"51":1,"52":1,"53":1,"54":1},"b":{"1":[2,1,1,1],"2":[1,1,1,1],"3":[1,1],"4":[1,1],"5":[1,1],"6":[1,1],"7":[1,1],"8":[1,1],"9":[1,1],"10":[1,1,1],"11":[1,1],"12":[1,1],"13":[1,1],"14":[1,1],"15":[1,1],"16":[1,1],"17":[1,1]},"f":{"1":2,"2":2,"3":2,"4":2,"5":2,"6":1,"7":1,"8":1,"9":2,"10":2,"11":2,"12":2,"13":1},"fnMap":{"1":{"name":"(anonymous_1)","line":12,"loc":{"start":{"line":12,"column":1},"end":{"line":12,"column":13}}},"2":{"name":"(anonymous_2)","line":19,"loc":{"start":{"line":19,"column":5},"end":{"line":19,"column":17}}},"3":{"name":"(anonymous_3)","line":23,"loc":{"start":{"line":23,"column":24},"end":{"line":23,"column":36}}},"4":{"name":"(anonymous_4)","line":61,"loc":{"start":{"line":61,"column":5},"end":{"line":61,"column":17}}},"5":{"name":"(anonymous_5)","line":82,"loc":{"start":{"line":82,"column":5},"end":{"line":82,"column":17}}},"6":{"name":"(anonymous_6)","line":91,"loc":{"start":{"line":91,"column":77},"end":{"line":94,"column":10}}},"7":{"name":"(anonymous_7)","line":112,"loc":{"start":{"line":112,"column":83},"end":{"line":115,"column":10}},"skip":true},"8":{"name":"(anonymous_8)","line":123,"loc":{"start":{"line":123,"column":77},"end":{"line":126,"column":10}},"skip":true},"9":{"name":"(anonymous_9)","line":139,"loc":{"start":{"line":139,"column":12},"end":{"line":139,"column":40}},"skip":true},"10":{"name":"(anonymous_10)","line":147,"loc":{"start":{"line":147,"column":77},"end":{"line":150,"column":10}},"skip":true},"11":{"name":"(anonymous_11)","line":158,"loc":{"start":{"line":158,"column":83},"end":{"line":161,"column":10}},"skip":true},"12":{"name":"(anonymous_12)","line":169,"loc":{"start":{"line":169,"column":79},"end":{"line":172,"column":10}},"skip":true},"13":{"name":"(anonymous_13)","line":180,"loc":{"start":{"line":180,"column":75},"end":{"line":183,"column":10}},"skip":true}},"statementMap":{"1":{"start":{"line":12,"column":0},"end":{"line":195,"column":5}},"2":{"start":{"line":14,"column":4},"end":{"line":14,"column":14}},"3":{"start":{"line":19,"column":4},"end":{"line":56,"column":9}},"4":{"start":{"line":21,"column":8},"end":{"line":21,"column":19}},"5":{"start":{"line":23,"column":8},"end":{"line":35,"column":13}},"6":{"start":{"line":24,"column":12},"end":{"line":34,"column":13}},"7":{"start":{"line":25,"column":16},"end":{"line":28,"column":30}},"8":{"start":{"line":30,"column":16},"end":{"line":33,"column":27}},"9":{"start":{"line":37,"column":8},"end":{"line":39,"column":21}},"10":{"start":{"line":40,"column":8},"end":{"line":53,"column":9}},"11":{"start":{"line":43,"column":12},"end":{"line":46,"column":14}},"12":{"start":{"line":47,"column":12},"end":{"line":47,"column":18}},"13":{"start":{"line":50,"column":12},"end":{"line":51,"column":33}},"14":{"start":{"line":52,"column":12},"end":{"line":52,"column":18}},"15":{"start":{"line":55,"column":8},"end":{"line":55,"column":35}},"16":{"start":{"line":61,"column":4},"end":{"line":63,"column":9}},"17":{"start":{"line":62,"column":8},"end":{"line":62,"column":15}},"18":{"start":{"line":64,"column":4},"end":{"line":77,"column":5}},"19":{"start":{"line":70,"column":8},"end":{"line":70,"column":14}},"20":{"start":{"line":76,"column":8},"end":{"line":76,"column":14}},"21":{"start":{"line":82,"column":4},"end":{"line":84,"column":9}},"22":{"start":{"line":83,"column":8},"end":{"line":83,"column":15}},"23":{"start":{"line":85,"column":4},"end":{"line":194,"column":5}},"24":{"start":{"line":91,"column":8},"end":{"line":99,"column":10}},"25":{"start":{"line":98,"column":12},"end":{"line":98,"column":35}},"26":{"start":{"line":102,"column":8},"end":{"line":104,"column":63}},"27":{"start":{"line":105,"column":8},"end":{"line":105,"column":14}},"28":{"start":{"line":112,"column":8},"end":{"line":121,"column":10},"skip":true},"29":{"start":{"line":119,"column":12},"end":{"line":119,"column":55},"skip":true},"30":{"start":{"line":120,"column":12},"end":{"line":120,"column":48},"skip":true},"31":{"start":{"line":123,"column":8},"end":{"line":136,"column":10},"skip":true},"32":{"start":{"line":130,"column":12},"end":{"line":130,"column":76},"skip":true},"33":{"start":{"line":131,"column":12},"end":{"line":131,"column":73},"skip":true},"34":{"start":{"line":132,"column":12},"end":{"line":132,"column":74},"skip":true},"35":{"start":{"line":133,"column":12},"end":{"line":133,"column":79},"skip":true},"36":{"start":{"line":134,"column":12},"end":{"line":134,"column":25},"skip":true},"37":{"start":{"line":135,"column":12},"end":{"line":135,"column":45},"skip":true},"38":{"start":{"line":138,"column":8},"end":{"line":145,"column":14},"skip":true},"39":{"start":{"line":143,"column":16},"end":{"line":143,"column":29},"skip":true},"40":{"start":{"line":144,"column":16},"end":{"line":144,"column":55},"skip":true},"41":{"start":{"line":147,"column":8},"end":{"line":156,"column":10},"skip":true},"42":{"start":{"line":154,"column":12},"end":{"line":154,"column":25},"skip":true},"43":{"start":{"line":155,"column":12},"end":{"line":155,"column":45},"skip":true},"44":{"start":{"line":158,"column":8},"end":{"line":167,"column":10},"skip":true},"45":{"start":{"line":165,"column":12},"end":{"line":165,"column":25},"skip":true},"46":{"start":{"line":166,"column":12},"end":{"line":166,"column":48},"skip":true},"47":{"start":{"line":169,"column":8},"end":{"line":178,"column":10},"skip":true},"48":{"start":{"line":176,"column":12},"end":{"line":176,"column":25},"skip":true},"49":{"start":{"line":177,"column":12},"end":{"line":177,"column":46},"skip":true},"50":{"start":{"line":180,"column":8},"end":{"line":189,"column":10},"skip":true},"51":{"start":{"line":187,"column":12},"end":{"line":187,"column":94},"skip":true},"52":{"start":{"line":188,"column":12},"end":{"line":188,"column":48},"skip":true},"53":{"start":{"line":192,"column":8},"end":{"line":192,"column":35},"skip":true},"54":{"start":{"line":193,"column":8},"end":{"line":193,"column":14},"skip":true}},"branchMap":{"1":{"line":25,"type":"binary-expr","locations":[{"start":{"line":25,"column":23},"end":{"line":25,"column":62}},{"start":{"line":26,"column":20},"end":{"line":26,"column":70}},{"start":{"line":27,"column":20},"end":{"line":27,"column":71}},{"start":{"line":28,"column":20},"end":{"line":28,"column":29}}]},"2":{"line":30,"type":"binary-expr","locations":[{"start":{"line":30,"column":23},"end":{"line":30,"column":37}},{"start":{"line":31,"column":20},"end":{"line":31,"column":61}},{"start":{"line":32,"column":20},"end":{"line":32,"column":70}},{"start":{"line":33,"column":20},"end":{"line":33,"column":26}}]},"3":{"line":37,"type":"cond-expr","locations":[{"start":{"line":38,"column":14},"end":{"line":38,"column":20}},{"start":{"line":39,"column":14},"end":{"line":39,"column":20}}]},"4":{"line":40,"type":"switch","locations":[{"start":{"line":42,"column":8},"end":{"line":47,"column":18}},{"start":{"line":49,"column":8},"end":{"line":52,"column":18}}]},"5":{"line":44,"type":"binary-expr","locations":[{"start":{"line":44,"column":16},"end":{"line":44,"column":44}},{"start":{"line":44,"column":48},"end":{"line":44,"column":66}}]},"6":{"line":50,"type":"binary-expr","locations":[{"start":{"line":50,"column":21},"end":{"line":50,"column":49}},{"start":{"line":50,"column":53},"end":{"line":50,"column":72}}]},"7":{"line":64,"type":"switch","locations":[{"start":{"line":69,"column":4},"end":{"line":70,"column":14}},{"start":{"line":75,"column":4},"end":{"line":76,"column":14}}]},"8":{"line":85,"type":"switch","locations":[{"start":{"line":90,"column":4},"end":{"line":105,"column":14}},{"start":{"line":111,"column":4},"end":{"line":193,"column":14},"skip":true}]},"9":{"line":91,"type":"binary-expr","locations":[{"start":{"line":91,"column":42},"end":{"line":91,"column":73}},{"start":{"line":91,"column":77},"end":{"line":99,"column":9}}]},"10":{"line":102,"type":"binary-expr","locations":[{"start":{"line":102,"column":18},"end":{"line":102,"column":32}},{"start":{"line":103,"column":12},"end":{"line":103,"column":53}},{"start":{"line":104,"column":12},"end":{"line":104,"column":61}}]},"11":{"line":112,"type":"binary-expr","locations":[{"start":{"line":112,"column":45},"end":{"line":112,"column":79},"skip":true},{"start":{"line":112,"column":83},"end":{"line":121,"column":9},"skip":true}]},"12":{"line":123,"type":"binary-expr","locations":[{"start":{"line":123,"column":42},"end":{"line":123,"column":73},"skip":true},{"start":{"line":123,"column":77},"end":{"line":136,"column":9},"skip":true}]},"13":{"line":138,"type":"binary-expr","locations":[{"start":{"line":138,"column":48},"end":{"line":138,"column":85},"skip":true},{"start":{"line":139,"column":12},"end":{"line":145,"column":13},"skip":true}]},"14":{"line":147,"type":"binary-expr","locations":[{"start":{"line":147,"column":42},"end":{"line":147,"column":73},"skip":true},{"start":{"line":147,"column":77},"end":{"line":156,"column":9},"skip":true}]},"15":{"line":158,"type":"binary-expr","locations":[{"start":{"line":158,"column":45},"end":{"line":158,"column":79},"skip":true},{"start":{"line":158,"column":83},"end":{"line":167,"column":9},"skip":true}]},"16":{"line":169,"type":"binary-expr","locations":[{"start":{"line":169,"column":43},"end":{"line":169,"column":75},"skip":true},{"start":{"line":169,"column":79},"end":{"line":178,"column":9},"skip":true}]},"17":{"line":180,"type":"binary-expr","locations":[{"start":{"line":180,"column":41},"end":{"line":180,"column":71},"skip":true},{"start":{"line":180,"column":75},"end":{"line":189,"column":9},"skip":true}]}},"code":["/* istanbul instrument in package npmtest_pg_native */","/*jslint","    bitwise: true,","    browser: true,","    maxerr: 8,","    maxlen: 96,","    node: true,","    nomen: true,","    regexp: true,","    stupid: true","*/","(function () {","    'use strict';","    var local;","","","","    // run shared js-env code - pre-init","    (function () {","        // init local","        local = {};","        // init modeJs","        local.modeJs = (function () {","            try {","                return typeof navigator.userAgent === 'string' &&","                    typeof document.querySelector('body') === 'object' &&","                    typeof XMLHttpRequest.prototype.open === 'function' &&","                    'browser';","            } catch (errorCaughtBrowser) {","                return module.exports &&","                    typeof process.versions.node === 'string' &&","                    typeof require('http').createServer === 'function' &&","                    'node';","            }","        }());","        // init global","        local.global = local.modeJs === 'browser'","            ? window","            : global;","        switch (local.modeJs) {","        // re-init local from window.local","        case 'browser':","            local = local.global.utility2.objectSetDefault(","                local.global.utility2_rollup || local.global.local,","                local.global.utility2","            );","            break;","        // re-init local from example.js","        case 'node':","            local = (local.global.utility2_rollup || require('utility2'))","                .requireReadme();","            break;","        }","        // export local","        local.global.local = local;","    }());","","","","    // run shared js-env code - function","    (function () {","        return;","    }());","    switch (local.modeJs) {","","","","    // run browser js-env code - function","    case 'browser':","        break;","","","","    // run node js-env code - function","    case 'node':","        break;","    }","","","","    // run shared js-env code - post-init","    (function () {","        return;","    }());","    switch (local.modeJs) {","","","","    // run browser js-env code - post-init","    case 'browser':","        local.testCase_browser_nullCase = local.testCase_browser_nullCase || function (","            options,","            onError","        ) {","        /*","         * this function will test browsers's null-case handling-behavior-behavior","         */","            onError(null, options);","        };","","        // run tests","        local.nop(local.modeTest &&","            document.querySelector('#testRunButton1') &&","            document.querySelector('#testRunButton1').click());","        break;","","","","    // run node js-env code - post-init","    /* istanbul ignore next */","    case 'node':","        local.testCase_buildApidoc_default = local.testCase_buildApidoc_default || function (","            options,","            onError","        ) {","        /*","         * this function will test buildApidoc's default handling-behavior-behavior","         */","            options = { modulePathList: module.paths };","            local.buildApidoc(options, onError);","        };","","        local.testCase_buildApp_default = local.testCase_buildApp_default || function (","            options,","            onError","        ) {","        /*","         * this function will test buildApp's default handling-behavior-behavior","         */","            local.testCase_buildReadme_default(options, local.onErrorThrow);","            local.testCase_buildLib_default(options, local.onErrorThrow);","            local.testCase_buildTest_default(options, local.onErrorThrow);","            local.testCase_buildCustomOrg_default(options, local.onErrorThrow);","            options = [];","            local.buildApp(options, onError);","        };","","        local.testCase_buildCustomOrg_default = local.testCase_buildCustomOrg_default ||","            function (options, onError) {","            /*","             * this function will test buildCustomOrg's default handling-behavior","             */","                options = {};","                local.buildCustomOrg(options, onError);","            };","","        local.testCase_buildLib_default = local.testCase_buildLib_default || function (","            options,","            onError","        ) {","        /*","         * this function will test buildLib's default handling-behavior","         */","            options = {};","            local.buildLib(options, onError);","        };","","        local.testCase_buildReadme_default = local.testCase_buildReadme_default || function (","            options,","            onError","        ) {","        /*","         * this function will test buildReadme's default handling-behavior-behavior","         */","            options = {};","            local.buildReadme(options, onError);","        };","","        local.testCase_buildTest_default = local.testCase_buildTest_default || function (","            options,","            onError","        ) {","        /*","         * this function will test buildTest's default handling-behavior","         */","            options = {};","            local.buildTest(options, onError);","        };","","        local.testCase_webpage_default = local.testCase_webpage_default || function (","            options,","            onError","        ) {","        /*","         * this function will test webpage's default handling-behavior","         */","            options = { modeCoverageMerge: true, url: local.serverLocalHost + '?modeTest=1' };","            local.browserTest(options, onError);","        };","","        // run test-server","        local.testRunServer(local);","        break;","    }","}());",""],"l":{"12":2,"14":2,"19":2,"21":2,"23":2,"24":2,"25":2,"30":1,"37":2,"40":2,"43":1,"47":1,"50":1,"52":1,"55":2,"61":2,"62":2,"64":2,"70":1,"76":1,"82":2,"83":2,"85":2,"91":1,"98":1,"102":1,"105":1,"112":1,"119":1,"120":1,"123":1,"130":1,"131":1,"132":1,"133":1,"134":1,"135":1,"138":1,"143":2,"144":2,"147":1,"154":2,"155":2,"158":1,"165":2,"166":2,"169":1,"176":2,"177":2,"180":1,"187":1,"188":1,"192":1,"193":1}},"/home/travis/build/npmtest/node-npmtest-pg-native/lib.npmtest_pg_native.js":{"path":"/home/travis/build/npmtest/node-npmtest-pg-native/lib.npmtest_pg_native.js","s":{"1":2,"2":2,"3":2,"4":2,"5":2,"6":2,"7":2,"8":1,"9":2,"10":2,"11":2,"12":2,"13":1,"14":1,"15":1,"16":1},"b":{"1":[2,1,1,1],"2":[1,1,1,1],"3":[1,1],"4":[2,2],"5":[1,1]},"f":{"1":2,"2":2,"3":2},"fnMap":{"1":{"name":"(anonymous_1)","line":12,"loc":{"start":{"line":12,"column":1},"end":{"line":12,"column":13}}},"2":{"name":"(anonymous_2)","line":19,"loc":{"start":{"line":19,"column":5},"end":{"line":19,"column":17}}},"3":{"name":"(anonymous_3)","line":23,"loc":{"start":{"line":23,"column":24},"end":{"line":23,"column":36}}}},"statementMap":{"1":{"start":{"line":12,"column":0},"end":{"line":53,"column":5}},"2":{"start":{"line":14,"column":4},"end":{"line":14,"column":14}},"3":{"start":{"line":19,"column":4},"end":{"line":52,"column":9}},"4":{"start":{"line":21,"column":8},"end":{"line":21,"column":19}},"5":{"start":{"line":23,"column":8},"end":{"line":35,"column":13}},"6":{"start":{"line":24,"column":12},"end":{"line":34,"column":13}},"7":{"start":{"line":25,"column":16},"end":{"line":28,"column":30}},"8":{"start":{"line":30,"column":16},"end":{"line":33,"column":27}},"9":{"start":{"line":37,"column":8},"end":{"line":39,"column":21}},"10":{"start":{"line":41,"column":8},"end":{"line":41,"column":54}},"11":{"start":{"line":43,"column":8},"end":{"line":43,"column":54}},"12":{"start":{"line":45,"column":8},"end":{"line":51,"column":9}},"13":{"start":{"line":46,"column":12},"end":{"line":46,"column":60}},"14":{"start":{"line":48,"column":12},"end":{"line":48,"column":35}},"15":{"start":{"line":49,"column":12},"end":{"line":49,"column":49}},"16":{"start":{"line":50,"column":12},"end":{"line":50,"column":43}}},"branchMap":{"1":{"line":25,"type":"binary-expr","locations":[{"start":{"line":25,"column":23},"end":{"line":25,"column":62}},{"start":{"line":26,"column":20},"end":{"line":26,"column":70}},{"start":{"line":27,"column":20},"end":{"line":27,"column":71}},{"start":{"line":28,"column":20},"end":{"line":28,"column":29}}]},"2":{"line":30,"type":"binary-expr","locations":[{"start":{"line":30,"column":23},"end":{"line":30,"column":37}},{"start":{"line":31,"column":20},"end":{"line":31,"column":61}},{"start":{"line":32,"column":20},"end":{"line":32,"column":70}},{"start":{"line":33,"column":20},"end":{"line":33,"column":26}}]},"3":{"line":37,"type":"cond-expr","locations":[{"start":{"line":38,"column":14},"end":{"line":38,"column":20}},{"start":{"line":39,"column":14},"end":{"line":39,"column":20}}]},"4":{"line":41,"type":"binary-expr","locations":[{"start":{"line":41,"column":16},"end":{"line":41,"column":44}},{"start":{"line":41,"column":48},"end":{"line":41,"column":53}}]},"5":{"line":45,"type":"if","locations":[{"start":{"line":45,"column":8},"end":{"line":45,"column":8}},{"start":{"line":45,"column":8},"end":{"line":45,"column":8}}]}},"code":["/* istanbul instrument in package npmtest_pg_native */","/*jslint","    bitwise: true,","    browser: true,","    maxerr: 8,","    maxlen: 96,","    node: true,","    nomen: true,","    regexp: true,","    stupid: true","*/","(function () {","    'use strict';","    var local;","","","","    // run shared js-env code - pre-init","    (function () {","        // init local","        local = {};","        // init modeJs","        local.modeJs = (function () {","            try {","                return typeof navigator.userAgent === 'string' &&","                    typeof document.querySelector('body') === 'object' &&","                    typeof XMLHttpRequest.prototype.open === 'function' &&","                    'browser';","            } catch (errorCaughtBrowser) {","                return module.exports &&","                    typeof process.versions.node === 'string' &&","                    typeof require('http').createServer === 'function' &&","                    'node';","            }","        }());","        // init global","        local.global = local.modeJs === 'browser'","            ? window","            : global;","        // init utility2_rollup","        local = local.global.utility2_rollup || local;","        // init lib","        local.local = local.npmtest_pg_native = local;","        // init exports","        if (local.modeJs === 'browser') {","            local.global.utility2_npmtest_pg_native = local;","        } else {","            module.exports = local;","            module.exports.__dirname = __dirname;","            module.exports.module = module;","        }","    }());","}());",""],"l":{"12":2,"14":2,"19":2,"21":2,"23":2,"24":2,"25":2,"30":1,"37":2,"41":2,"43":2,"45":2,"46":1,"48":1,"49":1,"50":1}},"/home/travis/build/npmtest/node-npmtest-pg-native/example.js":{"path":"/home/travis/build/npmtest/node-npmtest-pg-native/example.js","s":{"1":2,"2":2,"3":2,"4":2,"5":2,"6":2,"7":2,"8":1,"9":2,"10":2,"11":2,"12":2,"13":1,"14":2,"15":2,"16":2,"17":2,"18":2,"19":0,"20":2,"21":1,"22":1,"23":1,"24":1,"25":1,"26":0,"27":0,"28":1,"29":1,"30":2,"31":0,"32":0,"33":0,"34":1,"35":2,"36":2,"37":3,"38":3,"39":3,"40":3,"41":0,"42":3,"43":3,"44":3,"45":1,"46":3,"47":1,"48":1,"49":1,"50":1,"51":1,"52":1,"53":1,"54":1,"55":1,"56":1,"57":0,"58":1,"59":6,"60":6,"61":1,"62":2,"63":0,"64":2,"65":1,"66":1,"67":0,"68":0,"69":0,"70":0,"71":0,"72":0,"73":0,"74":0,"75":0,"76":0,"77":0,"78":0,"79":0,"80":0,"81":0,"82":0,"83":0},"b":{"1":[2,1,1,1],"2":[1,1,1,1],"3":[1,1],"4":[2,2],"5":[1,1],"6":[1,1],"7":[2,0],"8":[2,1,1,1,1,1],"9":[0,2,0],"10":[1,1],"11":[2,1,1],"12":[1,0],"13":[0,2],"14":[2,0,0,0,0,0,0],"15":[0,3],"16":[3,0],"17":[1,1],"18":[0,1],"19":[1,2,0,2],"20":[1,0],"21":[1,1],"22":[0,0],"23":[0,0],"24":[0,0],"25":[0,0],"26":[0,0],"27":[0,0],"28":[0,0]},"f":{"1":2,"2":2,"3":2,"4":2,"5":2,"6":2,"7":3,"8":3,"9":3,"10":1,"11":6,"12":0},"fnMap":{"1":{"name":"(anonymous_1)","line":26,"loc":{"start":{"line":26,"column":1},"end":{"line":26,"column":13}}},"2":{"name":"(anonymous_2)","line":33,"loc":{"start":{"line":33,"column":5},"end":{"line":33,"column":17}}},"3":{"name":"(anonymous_3)","line":37,"loc":{"start":{"line":37,"column":24},"end":{"line":37,"column":36}}},"4":{"name":"(anonymous_4)","line":69,"loc":{"start":{"line":69,"column":31},"end":{"line":69,"column":48}},"skip":true},"5":{"name":"(anonymous_5)","line":78,"loc":{"start":{"line":78,"column":26},"end":{"line":78,"column":45}},"skip":true},"6":{"name":"(anonymous_6)","line":123,"loc":{"start":{"line":123,"column":33},"end":{"line":123,"column":48}},"skip":true},"7":{"name":"(anonymous_7)","line":125,"loc":{"start":{"line":125,"column":27},"end":{"line":125,"column":39}},"skip":true},"8":{"name":"(anonymous_8)","line":133,"loc":{"start":{"line":133,"column":59},"end":{"line":133,"column":74}},"skip":true},"9":{"name":"(anonymous_9)","line":143,"loc":{"start":{"line":143,"column":45},"end":{"line":143,"column":62}},"skip":true},"10":{"name":"(anonymous_10)","line":144,"loc":{"start":{"line":144,"column":73},"end":{"line":144,"column":92}},"skip":true},"11":{"name":"(anonymous_11)","line":272,"loc":{"start":{"line":272,"column":51},"end":{"line":272,"column":77}},"skip":true},"12":{"name":"(anonymous_12)","line":315,"loc":{"start":{"line":315,"column":32},"end":{"line":315,"column":61}},"skip":true}},"statementMap":{"1":{"start":{"line":26,"column":0},"end":{"line":326,"column":5}},"2":{"start":{"line":28,"column":4},"end":{"line":28,"column":14}},"3":{"start":{"line":33,"column":4},"end":{"line":60,"column":9}},"4":{"start":{"line":35,"column":8},"end":{"line":35,"column":19}},"5":{"start":{"line":37,"column":8},"end":{"line":49,"column":13}},"6":{"start":{"line":38,"column":12},"end":{"line":48,"column":13}},"7":{"start":{"line":39,"column":16},"end":{"line":42,"column":30}},"8":{"start":{"line":44,"column":16},"end":{"line":47,"column":27}},"9":{"start":{"line":51,"column":8},"end":{"line":53,"column":21}},"10":{"start":{"line":55,"column":8},"end":{"line":57,"column":45}},"11":{"start":{"line":59,"column":8},"end":{"line":59,"column":35}},"12":{"start":{"line":61,"column":4},"end":{"line":325,"column":5}},"13":{"start":{"line":69,"column":8},"end":{"line":121,"column":10},"skip":true},"14":{"start":{"line":70,"column":12},"end":{"line":88,"column":13},"skip":true},"15":{"start":{"line":76,"column":16},"end":{"line":87,"column":19},"skip":true},"16":{"start":{"line":79,"column":20},"end":{"line":86,"column":21},"skip":true},"17":{"start":{"line":82,"column":24},"end":{"line":82,"column":43},"skip":true},"18":{"start":{"line":83,"column":24},"end":{"line":83,"column":30},"skip":true},"19":{"start":{"line":85,"column":24},"end":{"line":85,"column":49},"skip":true},"20":{"start":{"line":89,"column":12},"end":{"line":107,"column":13},"skip":true},"21":{"start":{"line":92,"column":16},"end":{"line":102,"column":17},"skip":true},"22":{"start":{"line":93,"column":20},"end":{"line":93,"column":86},"skip":true},"23":{"start":{"line":94,"column":20},"end":{"line":95,"column":45},"skip":true},"24":{"start":{"line":96,"column":20},"end":{"line":96,"column":42},"skip":true},"25":{"start":{"line":97,"column":20},"end":{"line":97,"column":48},"skip":true},"26":{"start":{"line":100,"column":20},"end":{"line":100,"column":85},"skip":true},"27":{"start":{"line":101,"column":20},"end":{"line":101,"column":96},"skip":true},"28":{"start":{"line":103,"column":16},"end":{"line":103,"column":22},"skip":true},"29":{"start":{"line":106,"column":16},"end":{"line":106,"column":22},"skip":true},"30":{"start":{"line":108,"column":12},"end":{"line":120,"column":13},"skip":true},"31":{"start":{"line":114,"column":16},"end":{"line":119,"column":17},"skip":true},"32":{"start":{"line":116,"column":20},"end":{"line":116,"column":78},"skip":true},"33":{"start":{"line":118,"column":20},"end":{"line":118,"column":47},"skip":true},"34":{"start":{"line":123,"column":8},"end":{"line":141,"column":11},"skip":true},"35":{"start":{"line":124,"column":12},"end":{"line":124,"column":54},"skip":true},"36":{"start":{"line":125,"column":12},"end":{"line":140,"column":14},"skip":true},"37":{"start":{"line":126,"column":16},"end":{"line":126,"column":28},"skip":true},"38":{"start":{"line":127,"column":16},"end":{"line":127,"column":69},"skip":true},"39":{"start":{"line":128,"column":16},"end":{"line":128,"column":75},"skip":true},"40":{"start":{"line":129,"column":16},"end":{"line":131,"column":17},"skip":true},"41":{"start":{"line":130,"column":20},"end":{"line":130,"column":27},"skip":true},"42":{"start":{"line":133,"column":16},"end":{"line":137,"column":36},"skip":true},"43":{"start":{"line":134,"column":20},"end":{"line":136,"column":55},"skip":true},"44":{"start":{"line":139,"column":16},"end":{"line":139,"column":57},"skip":true},"45":{"start":{"line":143,"column":8},"end":{"line":147,"column":11},"skip":true},"46":{"start":{"line":144,"column":12},"end":{"line":146,"column":15},"skip":true},"47":{"start":{"line":145,"column":16},"end":{"line":145,"column":70},"skip":true},"48":{"start":{"line":149,"column":8},"end":{"line":149,"column":31},"skip":true},"49":{"start":{"line":150,"column":8},"end":{"line":150,"column":14},"skip":true},"50":{"start":{"line":158,"column":8},"end":{"line":158,"column":31},"skip":true},"51":{"start":{"line":160,"column":8},"end":{"line":160,"column":33},"skip":true},"52":{"start":{"line":161,"column":8},"end":{"line":161,"column":37},"skip":true},"53":{"start":{"line":162,"column":8},"end":{"line":162,"column":35},"skip":true},"54":{"start":{"line":164,"column":8},"end":{"line":164,"column":50},"skip":true},"55":{"start":{"line":166,"column":8},"end":{"line":256,"column":2},"skip":true},"56":{"start":{"line":258,"column":8},"end":{"line":286,"column":9},"skip":true},"57":{"start":{"line":259,"column":12},"end":{"line":269,"column":14},"skip":true},"58":{"start":{"line":271,"column":12},"end":{"line":285,"column":19},"skip":true},"59":{"start":{"line":274,"column":20},"end":{"line":274,"column":35},"skip":true},"60":{"start":{"line":275,"column":20},"end":{"line":284,"column":21},"skip":true},"61":{"start":{"line":277,"column":24},"end":{"line":277,"column":64},"skip":true},"62":{"start":{"line":279,"column":24},"end":{"line":279,"column":40},"skip":true},"63":{"start":{"line":281,"column":24},"end":{"line":281,"column":40},"skip":true},"64":{"start":{"line":283,"column":24},"end":{"line":283,"column":39},"skip":true},"65":{"start":{"line":288,"column":8},"end":{"line":290,"column":9},"skip":true},"66":{"start":{"line":289,"column":12},"end":{"line":289,"column":18},"skip":true},"67":{"start":{"line":291,"column":8},"end":{"line":293,"column":54},"skip":true},"68":{"start":{"line":296,"column":8},"end":{"line":301,"column":37},"skip":true},"69":{"start":{"line":303,"column":8},"end":{"line":303,"column":82},"skip":true},"70":{"start":{"line":306,"column":8},"end":{"line":308,"column":9},"skip":true},"71":{"start":{"line":307,"column":12},"end":{"line":307,"column":82},"skip":true},"72":{"start":{"line":310,"column":8},"end":{"line":312,"column":9},"skip":true},"73":{"start":{"line":311,"column":12},"end":{"line":311,"column":18},"skip":true},"74":{"start":{"line":313,"column":8},"end":{"line":313,"column":54},"skip":true},"75":{"start":{"line":314,"column":8},"end":{"line":314,"column":69},"skip":true},"76":{"start":{"line":315,"column":8},"end":{"line":323,"column":36},"skip":true},"77":{"start":{"line":316,"column":12},"end":{"line":316,"column":61},"skip":true},"78":{"start":{"line":317,"column":12},"end":{"line":320,"column":13},"skip":true},"79":{"start":{"line":318,"column":16},"end":{"line":318,"column":75},"skip":true},"80":{"start":{"line":319,"column":16},"end":{"line":319,"column":23},"skip":true},"81":{"start":{"line":321,"column":12},"end":{"line":321,"column":38},"skip":true},"82":{"start":{"line":322,"column":12},"end":{"line":322,"column":27},"skip":true},"83":{"start":{"line":324,"column":8},"end":{"line":324,"column":14},"skip":true}},"branchMap":{"1":{"line":39,"type":"binary-expr","locations":[{"start":{"line":39,"column":23},"end":{"line":39,"column":62}},{"start":{"line":40,"column":20},"end":{"line":40,"column":70}},{"start":{"line":41,"column":20},"end":{"line":41,"column":71}},{"start":{"line":42,"column":20},"end":{"line":42,"column":29}}]},"2":{"line":44,"type":"binary-expr","locations":[{"start":{"line":44,"column":23},"end":{"line":44,"column":37}},{"start":{"line":45,"column":20},"end":{"line":45,"column":61}},{"start":{"line":46,"column":20},"end":{"line":46,"column":70}},{"start":{"line":47,"column":20},"end":{"line":47,"column":26}}]},"3":{"line":51,"type":"cond-expr","locations":[{"start":{"line":52,"column":14},"end":{"line":52,"column":20}},{"start":{"line":53,"column":14},"end":{"line":53,"column":20}}]},"4":{"line":55,"type":"binary-expr","locations":[{"start":{"line":55,"column":16},"end":{"line":55,"column":44}},{"start":{"line":55,"column":49},"end":{"line":57,"column":43}}]},"5":{"line":55,"type":"cond-expr","locations":[{"start":{"line":56,"column":14},"end":{"line":56,"column":53}},{"start":{"line":57,"column":14},"end":{"line":57,"column":43}}]},"6":{"line":61,"type":"switch","locations":[{"start":{"line":68,"column":4},"end":{"line":150,"column":14},"skip":true},{"start":{"line":156,"column":4},"end":{"line":324,"column":14},"skip":true}]},"7":{"line":70,"type":"if","locations":[{"start":{"line":70,"column":12},"end":{"line":70,"column":12},"skip":true},{"start":{"line":70,"column":12},"end":{"line":70,"column":12},"skip":true}]},"8":{"line":70,"type":"binary-expr","locations":[{"start":{"line":70,"column":16},"end":{"line":70,"column":22},"skip":true},{"start":{"line":70,"column":27},"end":{"line":70,"column":32},"skip":true},{"start":{"line":71,"column":20},"end":{"line":71,"column":39},"skip":true},{"start":{"line":72,"column":20},"end":{"line":72,"column":49},"skip":true},{"start":{"line":73,"column":20},"end":{"line":73,"column":58},"skip":true},{"start":{"line":74,"column":20},"end":{"line":74,"column":69},"skip":true}]},"9":{"line":79,"type":"switch","locations":[{"start":{"line":80,"column":20},"end":{"line":80,"column":33},"skip":true},{"start":{"line":81,"column":20},"end":{"line":83,"column":30},"skip":true},{"start":{"line":84,"column":20},"end":{"line":85,"column":49},"skip":true}]},"10":{"line":89,"type":"switch","locations":[{"start":{"line":90,"column":12},"end":{"line":103,"column":22},"skip":true},{"start":{"line":105,"column":12},"end":{"line":106,"column":22},"skip":true}]},"11":{"line":89,"type":"binary-expr","locations":[{"start":{"line":89,"column":20},"end":{"line":89,"column":25},"skip":true},{"start":{"line":89,"column":29},"end":{"line":89,"column":48},"skip":true},{"start":{"line":89,"column":52},"end":{"line":89,"column":74},"skip":true}]},"12":{"line":92,"type":"if","locations":[{"start":{"line":92,"column":16},"end":{"line":92,"column":16},"skip":true},{"start":{"line":92,"column":16},"end":{"line":92,"column":16},"skip":true}]},"13":{"line":108,"type":"if","locations":[{"start":{"line":108,"column":12},"end":{"line":108,"column":12},"skip":true},{"start":{"line":108,"column":12},"end":{"line":108,"column":12},"skip":true}]},"14":{"line":108,"type":"binary-expr","locations":[{"start":{"line":108,"column":16},"end":{"line":108,"column":61},"skip":true},{"start":{"line":108,"column":66},"end":{"line":108,"column":72},"skip":true},{"start":{"line":108,"column":77},"end":{"line":108,"column":82},"skip":true},{"start":{"line":109,"column":20},"end":{"line":109,"column":39},"skip":true},{"start":{"line":110,"column":20},"end":{"line":110,"column":49},"skip":true},{"start":{"line":111,"column":20},"end":{"line":111,"column":58},"skip":true},{"start":{"line":112,"column":20},"end":{"line":112,"column":68},"skip":true}]},"15":{"line":129,"type":"if","locations":[{"start":{"line":129,"column":16},"end":{"line":129,"column":16},"skip":true},{"start":{"line":129,"column":16},"end":{"line":129,"column":16},"skip":true}]},"16":{"line":134,"type":"cond-expr","locations":[{"start":{"line":135,"column":26},"end":{"line":135,"column":29},"skip":true},{"start":{"line":136,"column":26},"end":{"line":136,"column":54},"skip":true}]},"17":{"line":164,"type":"binary-expr","locations":[{"start":{"line":164,"column":27},"end":{"line":164,"column":43},"skip":true},{"start":{"line":164,"column":47},"end":{"line":164,"column":49},"skip":true}]},"18":{"line":258,"type":"if","locations":[{"start":{"line":258,"column":8},"end":{"line":258,"column":8},"skip":true},{"start":{"line":258,"column":8},"end":{"line":258,"column":8},"skip":true}]},"19":{"line":275,"type":"switch","locations":[{"start":{"line":276,"column":20},"end":{"line":277,"column":64},"skip":true},{"start":{"line":278,"column":20},"end":{"line":279,"column":40},"skip":true},{"start":{"line":280,"column":20},"end":{"line":281,"column":40},"skip":true},{"start":{"line":282,"column":20},"end":{"line":283,"column":39},"skip":true}]},"20":{"line":288,"type":"if","locations":[{"start":{"line":288,"column":8},"end":{"line":288,"column":8},"skip":true},{"start":{"line":288,"column":8},"end":{"line":288,"column":8},"skip":true}]},"21":{"line":288,"type":"binary-expr","locations":[{"start":{"line":288,"column":12},"end":{"line":288,"column":40},"skip":true},{"start":{"line":288,"column":44},"end":{"line":288,"column":67},"skip":true}]},"22":{"line":292,"type":"binary-expr","locations":[{"start":{"line":292,"column":12},"end":{"line":292,"column":50},"skip":true},{"start":{"line":293,"column":12},"end":{"line":293,"column":53},"skip":true}]},"23":{"line":297,"type":"binary-expr","locations":[{"start":{"line":297,"column":12},"end":{"line":297,"column":67},"skip":true},{"start":{"line":298,"column":12},"end":{"line":301,"column":36},"skip":true}]},"24":{"line":303,"type":"binary-expr","locations":[{"start":{"line":303,"column":43},"end":{"line":303,"column":75},"skip":true},{"start":{"line":303,"column":79},"end":{"line":303,"column":81},"skip":true}]},"25":{"line":306,"type":"if","locations":[{"start":{"line":306,"column":8},"end":{"line":306,"column":8},"skip":true},{"start":{"line":306,"column":8},"end":{"line":306,"column":8},"skip":true}]},"26":{"line":310,"type":"if","locations":[{"start":{"line":310,"column":8},"end":{"line":310,"column":8},"skip":true},{"start":{"line":310,"column":8},"end":{"line":310,"column":8},"skip":true}]},"27":{"line":313,"type":"binary-expr","locations":[{"start":{"line":313,"column":27},"end":{"line":313,"column":43},"skip":true},{"start":{"line":313,"column":47},"end":{"line":313,"column":53},"skip":true}]},"28":{"line":317,"type":"if","locations":[{"start":{"line":317,"column":12},"end":{"line":317,"column":12},"skip":true},{"start":{"line":317,"column":12},"end":{"line":317,"column":12},"skip":true}]}},"code":["/*","example.js","","quickstart example","","instruction","    1. save this script as example.js","    2. run the shell command:","        $ npm install npmtest-pg-native && PORT=8081 node example.js","    3. play with the browser-demo on http://127.0.0.1:8081","*/","","","","/* istanbul instrument in package npmtest_pg_native */","/*jslint","    bitwise: true,","    browser: true,","    maxerr: 8,","    maxlen: 96,","    node: true,","    nomen: true,","    regexp: true,","    stupid: true","*/","(function () {","    'use strict';","    var local;","","","","    // run shared js-env code - pre-init","    (function () {","        // init local","        local = {};","        // init modeJs","        local.modeJs = (function () {","            try {","                return typeof navigator.userAgent === 'string' &&","                    typeof document.querySelector('body') === 'object' &&","                    typeof XMLHttpRequest.prototype.open === 'function' &&","                    'browser';","            } catch (errorCaughtBrowser) {","                return module.exports &&","                    typeof process.versions.node === 'string' &&","                    typeof require('http').createServer === 'function' &&","                    'node';","            }","        }());","        // init global","        local.global = local.modeJs === 'browser'","            ? window","            : global;","        // init utility2_rollup","        local = local.global.utility2_rollup || (local.modeJs === 'browser'","            ? local.global.utility2_npmtest_pg_native","            : global.utility2_moduleExports);","        // export local","        local.global.local = local;","    }());","    switch (local.modeJs) {","","","","    // post-init","    // run browser js-env code - post-init","    /* istanbul ignore next */","    case 'browser':","        local.testRunBrowser = function (event) {","            if (!event || (event &&","                    event.currentTarget &&","                    event.currentTarget.className &&","                    event.currentTarget.className.includes &&","                    event.currentTarget.className.includes('onreset'))) {","                // reset output","                Array.from(","                    document.querySelectorAll('body > .resettable')","                ).forEach(function (element) {","                    switch (element.tagName) {","                    case 'INPUT':","                    case 'TEXTAREA':","                        element.value = '';","                        break;","                    default:","                        element.textContent = '';","                    }","                });","            }","            switch (event && event.currentTarget && event.currentTarget.id) {","            case 'testRunButton1':","                // show tests","                if (document.querySelector('#testReportDiv1').style.display === 'none') {","                    document.querySelector('#testReportDiv1').style.display = 'block';","                    document.querySelector('#testRunButton1').textContent =","                        'hide internal test';","                    local.modeTest = true;","                    local.testRunDefault(local);","                // hide tests","                } else {","                    document.querySelector('#testReportDiv1').style.display = 'none';","                    document.querySelector('#testRunButton1').textContent = 'run internal test';","                }","                break;","            // custom-case","            default:","                break;","            }","            if (document.querySelector('#inputTextareaEval1') && (!event || (event &&","                    event.currentTarget &&","                    event.currentTarget.className &&","                    event.currentTarget.className.includes &&","                    event.currentTarget.className.includes('oneval')))) {","                // try to eval input-code","                try {","                    /*jslint evil: true*/","                    eval(document.querySelector('#inputTextareaEval1').value);","                } catch (errorCaught) {","                    console.error(errorCaught);","                }","            }","        };","        // log stderr and stdout to #outputTextareaStdout1","        ['error', 'log'].forEach(function (key) {","            console[key + '_original'] = console[key];","            console[key] = function () {","                var element;","                console[key + '_original'].apply(console, arguments);","                element = document.querySelector('#outputTextareaStdout1');","                if (!element) {","                    return;","                }","                // append text to #outputTextareaStdout1","                element.value += Array.from(arguments).map(function (arg) {","                    return typeof arg === 'string'","                        ? arg","                        : JSON.stringify(arg, null, 4);","                }).join(' ') + '\\n';","                // scroll textarea to bottom","                element.scrollTop = element.scrollHeight;","            };","        });","        // init event-handling","        ['change', 'click', 'keyup'].forEach(function (event) {","            Array.from(document.querySelectorAll('.on' + event)).forEach(function (element) {","                element.addEventListener(event, local.testRunBrowser);","            });","        });","        // run tests","        local.testRunBrowser();","        break;","","","","    // run node js-env code - post-init","    /* istanbul ignore next */","    case 'node':","        // export local","        module.exports = local;","        // require modules","        local.fs = require('fs');","        local.http = require('http');","        local.url = require('url');","        // init assets","        local.assetsDict = local.assetsDict || {};","        /* jslint-ignore-begin */","        local.assetsDict['/assets.index.template.html'] = '\\","<!doctype html>\\n\\","<html lang=\"en\">\\n\\","<head>\\n\\","<meta charset=\"UTF-8\">\\n\\","<meta name=\"viewport\" content=\"width=device-width, initial-scale=1\">\\n\\","<title>{{env.npm_package_name}} (v{{env.npm_package_version}})</title>\\n\\","<style>\\n\\","/*csslint\\n\\","    box-sizing: false,\\n\\","    universal-selector: false\\n\\","*/\\n\\","* {\\n\\","    box-sizing: border-box;\\n\\","}\\n\\","body {\\n\\","    background: #dde;\\n\\","    font-family: Arial, Helvetica, sans-serif;\\n\\","    margin: 2rem;\\n\\","}\\n\\","body > * {\\n\\","    margin-bottom: 1rem;\\n\\","}\\n\\",".utility2FooterDiv {\\n\\","    margin-top: 20px;\\n\\","    text-align: center;\\n\\","}\\n\\","</style>\\n\\","<style>\\n\\","/*csslint\\n\\","*/\\n\\","textarea {\\n\\","    font-family: monospace;\\n\\","    height: 10rem;\\n\\","    width: 100%;\\n\\","}\\n\\","textarea[readonly] {\\n\\","    background: #ddd;\\n\\","}\\n\\","</style>\\n\\","</head>\\n\\","<body>\\n\\","<!-- utility2-comment\\n\\","<div id=\"ajaxProgressDiv1\" style=\"background: #d00; height: 2px; left: 0; margin: 0; padding: 0; position: fixed; top: 0; transition: background 0.5s, width 1.5s; width: 25%;\"></div>\\n\\","utility2-comment -->\\n\\","<h1>\\n\\","<!-- utility2-comment\\n\\","    <a\\n\\","        {{#if env.npm_package_homepage}}\\n\\","        href=\"{{env.npm_package_homepage}}\"\\n\\","        {{/if env.npm_package_homepage}}\\n\\","        target=\"_blank\"\\n\\","    >\\n\\","utility2-comment -->\\n\\","        {{env.npm_package_name}} (v{{env.npm_package_version}})\\n\\","<!-- utility2-comment\\n\\","    </a>\\n\\","utility2-comment -->\\n\\","</h1>\\n\\","<h3>{{env.npm_package_description}}</h3>\\n\\","<!-- utility2-comment\\n\\","<h4><a download href=\"assets.app.js\">download standalone app</a></h4>\\n\\","<button class=\"onclick onreset\" id=\"testRunButton1\">run internal test</button><br>\\n\\","<div id=\"testReportDiv1\" style=\"display: none;\"></div>\\n\\","utility2-comment -->\\n\\","\\n\\","\\n\\","\\n\\","<label>stderr and stdout</label>\\n\\","<textarea class=\"resettable\" id=\"outputTextareaStdout1\" readonly></textarea>\\n\\","<!-- utility2-comment\\n\\","{{#if isRollup}}\\n\\","<script src=\"assets.app.js\"></script>\\n\\","{{#unless isRollup}}\\n\\","utility2-comment -->\\n\\","<script src=\"assets.utility2.rollup.js\"></script>\\n\\","<script src=\"jsonp.utility2._stateInit?callback=window.utility2._stateInit\"></script>\\n\\","<script src=\"assets.npmtest_pg_native.rollup.js\"></script>\\n\\","<script src=\"assets.example.js\"></script>\\n\\","<script src=\"assets.test.js\"></script>\\n\\","<!-- utility2-comment\\n\\","{{/if isRollup}}\\n\\","utility2-comment -->\\n\\","<div class=\"utility2FooterDiv\">\\n\\","    [ this app was created with\\n\\","    <a href=\"https://github.com/kaizhu256/node-utility2\" target=\"_blank\">utility2</a>\\n\\","    ]\\n\\","</div>\\n\\","</body>\\n\\","</html>\\n\\","';","        /* jslint-ignore-end */","        if (local.templateRender) {","            local.assetsDict['/'] = local.templateRender(","                local.assetsDict['/assets.index.template.html'],","                {","                    env: local.objectSetDefault(local.env, {","                        npm_package_description: 'the greatest app in the world!',","                        npm_package_name: 'my-app',","                        npm_package_nameAlias: 'my_app',","                        npm_package_version: '0.0.1'","                    })","                }","            );","        } else {","            local.assetsDict['/'] = local.assetsDict['/assets.index.template.html']","                .replace((/\\{\\{env\\.(\\w+?)\\}\\}/g), function (match0, match1) {","                    // jslint-hack","                    String(match0);","                    switch (match1) {","                    case 'npm_package_description':","                        return 'the greatest app in the world!';","                    case 'npm_package_name':","                        return 'my-app';","                    case 'npm_package_nameAlias':","                        return 'my_app';","                    case 'npm_package_version':","                        return '0.0.1';","                    }","                });","        }","        // run the cli","        if (local.global.utility2_rollup || module !== require.main) {","            break;","        }","        local.assetsDict['/assets.example.js'] =","            local.assetsDict['/assets.example.js'] ||","            local.fs.readFileSync(__filename, 'utf8');","        // bug-workaround - long $npm_package_buildCustomOrg","        /* jslint-ignore-begin */","        local.assetsDict['/assets.npmtest_pg_native.rollup.js'] =","            local.assetsDict['/assets.npmtest_pg_native.rollup.js'] ||","            local.fs.readFileSync(","                local.npmtest_pg_native.__dirname + '/lib.npmtest_pg_native.js',","                'utf8'","            ).replace((/^#!/), '//');","        /* jslint-ignore-end */","        local.assetsDict['/favicon.ico'] = local.assetsDict['/favicon.ico'] || '';","        // if $npm_config_timeout_exit exists,","        // then exit this process after $npm_config_timeout_exit ms","        if (Number(process.env.npm_config_timeout_exit)) {","            setTimeout(process.exit, Number(process.env.npm_config_timeout_exit));","        }","        // start server","        if (local.global.utility2_serverHttp1) {","            break;","        }","        process.env.PORT = process.env.PORT || '8081';","        console.error('server starting on port ' + process.env.PORT);","        local.http.createServer(function (request, response) {","            request.urlParsed = local.url.parse(request.url);","            if (local.assetsDict[request.urlParsed.pathname] !== undefined) {","                response.end(local.assetsDict[request.urlParsed.pathname]);","                return;","            }","            response.statusCode = 404;","            response.end();","        }).listen(process.env.PORT);","        break;","    }","}());",""],"l":{"26":2,"28":2,"33":2,"35":2,"37":2,"38":2,"39":2,"44":1,"51":2,"55":2,"59":2,"61":2,"69":1,"70":2,"76":2,"79":2,"82":2,"83":2,"85":1,"89":2,"92":1,"93":1,"94":1,"96":1,"97":1,"100":1,"101":1,"103":1,"106":1,"108":2,"114":1,"116":1,"118":1,"123":1,"124":2,"125":2,"126":3,"127":3,"128":3,"129":3,"130":1,"133":3,"134":3,"139":3,"143":1,"144":3,"145":1,"149":1,"150":1,"158":1,"160":1,"161":1,"162":1,"164":1,"166":1,"258":1,"259":1,"271":1,"274":6,"275":6,"277":1,"279":2,"281":1,"283":2,"288":1,"289":1,"291":1,"296":1,"303":1,"306":1,"307":1,"310":1,"311":1,"313":1,"314":1,"315":1,"316":1,"317":1,"318":1,"319":1,"321":1,"322":1,"324":1}},"/home/travis/build/npmtest/node-npmtest-pg-native/node_modules/pg-native/index.js":{"path":"/home/travis/build/npmtest/node-npmtest-pg-native/node_modules/pg-native/index.js","s":{"1":1,"2":1,"3":1,"4":1,"5":1,"6":1,"7":0,"8":0,"9":0,"10":0,"11":0,"12":0,"13":0,"14":0,"15":0,"16":0,"17":0,"18":0,"19":0,"20":0,"21":1,"22":1,"23":0,"24":1,"25":0,"26":1,"27":0,"28":0,"29":0,"30":0,"31":0,"32":0,"33":0,"34":0,"35":0,"36":0,"37":0,"38":0,"39":0,"40":0,"41":0,"42":0,"43":1,"44":0,"45":0,"46":0,"47":0,"48":1,"49":0,"50":0,"51":0,"52":1,"53":0,"54":0,"55":0,"56":0,"57":0,"58":1,"59":0,"60":0,"61":0,"62":0,"63":0,"64":0,"65":0,"66":0,"67":0,"68":0,"69":0,"70":0,"71":0,"72":0,"73":0,"74":0,"75":0,"76":0,"77":0,"78":0,"79":1,"80":0,"81":0,"82":0,"83":0,"84":0,"85":1,"86":0,"87":0,"88":0,"89":1,"90":0,"91":0,"92":0,"93":0,"94":0,"95":0,"96":0,"97":0,"98":0,"99":0,"100":0,"101":0,"102":1,"103":0,"104":0,"105":0,"106":0,"107":0,"108":0,"109":0,"110":0,"111":1,"112":0,"113":0,"114":0,"115":0,"116":0,"117":0,"118":0,"119":0,"120":1,"121":0,"122":0,"123":0,"124":0,"125":0,"126":0,"127":0,"128":0,"129":0,"130":0,"131":0,"132":0,"133":1,"134":0,"135":0,"136":0,"137":0,"138":0,"139":0,"140":0,"141":1,"142":0,"143":0,"144":0,"145":0,"146":0,"147":0,"148":0,"149":1,"150":1,"151":0,"152":0,"153":0,"154":1,"155":0,"156":0,"157":0,"158":0,"159":1,"160":0,"161":0,"162":0,"163":0,"164":0,"165":1,"166":0,"167":0,"168":1,"169":0,"170":0,"171":0,"172":1,"173":0,"174":1,"175":0,"176":1},"b":{"1":[0,0],"2":[0,0],"3":[0,0],"4":[0,0],"5":[0,0],"6":[0,0],"7":[0,0],"8":[0,0],"9":[0,0],"10":[0,0],"11":[0,0],"12":[0,0],"13":[0,0],"14":[0,0],"15":[0,0],"16":[0,0],"17":[0,0],"18":[0,0,0,0,0,0,0],"19":[0,0],"20":[0,0],"21":[0,0],"22":[0,0],"23":[0,0],"24":[0,0],"25":[0,0],"26":[0,0],"27":[0,0],"28":[0,0],"29":[0,0],"30":[0,0],"31":[0,0],"32":[0,0]},"f":{"1":0,"2":0,"3":0,"4":0,"5":0,"6":0,"7":0,"8":0,"9":0,"10":0,"11":0,"12":0,"13":0,"14":0,"15":0,"16":0,"17":0,"18":0,"19":0,"20":0,"21":0,"22":0,"23":0,"24":0,"25":0,"26":0,"27":0,"28":0,"29":0,"30":0,"31":0,"32":0,"33":0,"34":0,"35":0},"fnMap":{"1":{"name":"(anonymous_1)","line":7,"loc":{"start":{"line":7,"column":30},"end":{"line":7,"column":47}}},"2":{"name":"(anonymous_2)","line":30,"loc":{"start":{"line":30,"column":25},"end":{"line":30,"column":41}}},"3":{"name":"(anonymous_3)","line":38,"loc":{"start":{"line":38,"column":27},"end":{"line":38,"column":48}}},"4":{"name":"(anonymous_4)","line":42,"loc":{"start":{"line":42,"column":31},"end":{"line":42,"column":48}}},"5":{"name":"(anonymous_5)","line":46,"loc":{"start":{"line":46,"column":33},"end":{"line":46,"column":52}}},"6":{"name":"(anonymous_6)","line":72,"loc":{"start":{"line":72,"column":23},"end":{"line":72,"column":36}}},"7":{"name":"(anonymous_7)","line":78,"loc":{"start":{"line":78,"column":30},"end":{"line":78,"column":48}}},"8":{"name":"(anonymous_8)","line":84,"loc":{"start":{"line":84,"column":32},"end":{"line":84,"column":43}}},"9":{"name":"(anonymous_9)","line":92,"loc":{"start":{"line":92,"column":25},"end":{"line":92,"column":36}}},"10":{"name":"(anonymous_10)","line":142,"loc":{"start":{"line":142,"column":33},"end":{"line":142,"column":44}}},"11":{"name":"(anonymous_11)","line":149,"loc":{"start":{"line":149,"column":19},"end":{"line":149,"column":32}}},"12":{"name":"(anonymous_12)","line":156,"loc":{"start":{"line":156,"column":32},"end":{"line":156,"column":45}}},"13":{"name":"(anonymous_13)","line":158,"loc":{"start":{"line":158,"column":16},"end":{"line":158,"column":28}}},"14":{"name":"(anonymous_14)","line":164,"loc":{"start":{"line":164,"column":17},"end":{"line":164,"column":32}}},"15":{"name":"(anonymous_15)","line":175,"loc":{"start":{"line":175,"column":32},"end":{"line":175,"column":49}}},"16":{"name":"(anonymous_16)","line":187,"loc":{"start":{"line":187,"column":21},"end":{"line":187,"column":32}}},"17":{"name":"(anonymous_17)","line":194,"loc":{"start":{"line":194,"column":33},"end":{"line":194,"column":54}}},"18":{"name":"(anonymous_18)","line":203,"loc":{"start":{"line":203,"column":25},"end":{"line":203,"column":52}}},"19":{"name":"(anonymous_19)","line":208,"loc":{"start":{"line":208,"column":14},"end":{"line":208,"column":25}}},"20":{"name":"(anonymous_20)","line":210,"loc":{"start":{"line":210,"column":14},"end":{"line":210,"column":25}}},"21":{"name":"(anonymous_21)","line":215,"loc":{"start":{"line":215,"column":39},"end":{"line":215,"column":53}}},"22":{"name":"(anonymous_22)","line":222,"loc":{"start":{"line":222,"column":27},"end":{"line":222,"column":70}}},"23":{"name":"(anonymous_23)","line":224,"loc":{"start":{"line":224,"column":11},"end":{"line":224,"column":22}}},"24":{"name":"(anonymous_24)","line":228,"loc":{"start":{"line":228,"column":34},"end":{"line":228,"column":48}}},"25":{"name":"(anonymous_25)","line":234,"loc":{"start":{"line":234,"column":27},"end":{"line":234,"column":67}}},"26":{"name":"(anonymous_26)","line":237,"loc":{"start":{"line":237,"column":11},"end":{"line":237,"column":22}}},"27":{"name":"(anonymous_27)","line":241,"loc":{"start":{"line":241,"column":34},"end":{"line":241,"column":54}}},"28":{"name":"(anonymous_28)","line":248,"loc":{"start":{"line":248,"column":33},"end":{"line":248,"column":44}}},"29":{"name":"(anonymous_29)","line":255,"loc":{"start":{"line":255,"column":26},"end":{"line":255,"column":39}}},"30":{"name":"(anonymous_30)","line":259,"loc":{"start":{"line":259,"column":22},"end":{"line":259,"column":33}}},"31":{"name":"(anonymous_31)","line":264,"loc":{"start":{"line":264,"column":29},"end":{"line":264,"column":52}}},"32":{"name":"(anonymous_32)","line":272,"loc":{"start":{"line":272,"column":31},"end":{"line":272,"column":70}}},"33":{"name":"(anonymous_33)","line":277,"loc":{"start":{"line":277,"column":31},"end":{"line":277,"column":67}}},"34":{"name":"(anonymous_34)","line":283,"loc":{"start":{"line":283,"column":33},"end":{"line":283,"column":49}}},"35":{"name":"(anonymous_35)","line":287,"loc":{"start":{"line":287,"column":36},"end":{"line":287,"column":52}}}},"statementMap":{"1":{"start":{"line":1,"column":0},"end":{"line":1,"column":29}},"2":{"start":{"line":2,"column":0},"end":{"line":2,"column":50}},"3":{"start":{"line":3,"column":0},"end":{"line":3,"column":27}},"4":{"start":{"line":4,"column":0},"end":{"line":4,"column":31}},"5":{"start":{"line":5,"column":0},"end":{"line":5,"column":32}},"6":{"start":{"line":7,"column":0},"end":{"line":34,"column":2}},"7":{"start":{"line":8,"column":2},"end":{"line":10,"column":3}},"8":{"start":{"line":9,"column":4},"end":{"line":9,"column":30}},"9":{"start":{"line":12,"column":2},"end":{"line":12,"column":24}},"10":{"start":{"line":14,"column":2},"end":{"line":14,"column":26}},"11":{"start":{"line":15,"column":2},"end":{"line":15,"column":24}},"12":{"start":{"line":16,"column":2},"end":{"line":16,"column":24}},"13":{"start":{"line":17,"column":2},"end":{"line":17,"column":37}},"14":{"start":{"line":20,"column":2},"end":{"line":20,"column":38}},"15":{"start":{"line":24,"column":2},"end":{"line":24,"column":45}},"16":{"start":{"line":25,"column":2},"end":{"line":25,"column":18}},"17":{"start":{"line":30,"column":2},"end":{"line":33,"column":5}},"18":{"start":{"line":31,"column":4},"end":{"line":31,"column":39}},"19":{"start":{"line":31,"column":32},"end":{"line":31,"column":39}},"20":{"start":{"line":32,"column":4},"end":{"line":32,"column":25}},"21":{"start":{"line":36,"column":0},"end":{"line":36,"column":36}},"22":{"start":{"line":38,"column":0},"end":{"line":40,"column":2}},"23":{"start":{"line":39,"column":2},"end":{"line":39,"column":30}},"24":{"start":{"line":42,"column":0},"end":{"line":44,"column":2}},"25":{"start":{"line":43,"column":2},"end":{"line":43,"column":30}},"26":{"start":{"line":46,"column":0},"end":{"line":70,"column":1}},"27":{"start":{"line":47,"column":2},"end":{"line":47,"column":30}},"28":{"start":{"line":48,"column":2},"end":{"line":48,"column":30}},"29":{"start":{"line":49,"column":2},"end":{"line":68,"column":3}},"30":{"start":{"line":50,"column":4},"end":{"line":50,"column":39}},"31":{"start":{"line":51,"column":4},"end":{"line":51,"column":19}},"32":{"start":{"line":52,"column":4},"end":{"line":67,"column":5}},"33":{"start":{"line":53,"column":6},"end":{"line":53,"column":39}},"34":{"start":{"line":54,"column":6},"end":{"line":54,"column":27}},"35":{"start":{"line":55,"column":6},"end":{"line":61,"column":7}},"36":{"start":{"line":56,"column":8},"end":{"line":58,"column":9}},"37":{"start":{"line":57,"column":10},"end":{"line":57,"column":23}},"38":{"start":{"line":60,"column":8},"end":{"line":60,"column":65}},"39":{"start":{"line":62,"column":6},"end":{"line":66,"column":7}},"40":{"start":{"line":63,"column":8},"end":{"line":63,"column":24}},"41":{"start":{"line":65,"column":8},"end":{"line":65,"column":33}},"42":{"start":{"line":69,"column":2},"end":{"line":69,"column":14}},"43":{"start":{"line":72,"column":0},"end":{"line":76,"column":2}},"44":{"start":{"line":73,"column":2},"end":{"line":73,"column":22}},"45":{"start":{"line":74,"column":2},"end":{"line":74,"column":19}},"46":{"start":{"line":75,"column":2},"end":{"line":75,"column":26}},"47":{"start":{"line":75,"column":9},"end":{"line":75,"column":26}},"48":{"start":{"line":78,"column":0},"end":{"line":82,"column":2}},"49":{"start":{"line":79,"column":2},"end":{"line":79,"column":22}},"50":{"start":{"line":80,"column":2},"end":{"line":80,"column":57}},"51":{"start":{"line":81,"column":2},"end":{"line":81,"column":26}},"52":{"start":{"line":84,"column":0},"end":{"line":89,"column":2}},"53":{"start":{"line":85,"column":2},"end":{"line":85,"column":28}},"54":{"start":{"line":85,"column":21},"end":{"line":85,"column":28}},"55":{"start":{"line":86,"column":2},"end":{"line":86,"column":24}},"56":{"start":{"line":87,"column":2},"end":{"line":87,"column":23}},"57":{"start":{"line":88,"column":2},"end":{"line":88,"column":49}},"58":{"start":{"line":92,"column":0},"end":{"line":138,"column":2}},"59":{"start":{"line":93,"column":2},"end":{"line":93,"column":19}},"60":{"start":{"line":96,"column":2},"end":{"line":100,"column":3}},"61":{"start":{"line":99,"column":4},"end":{"line":99,"column":29}},"62":{"start":{"line":104,"column":2},"end":{"line":106,"column":3}},"63":{"start":{"line":105,"column":4},"end":{"line":105,"column":11}},"64":{"start":{"line":109,"column":2},"end":{"line":109,"column":15}},"65":{"start":{"line":110,"column":2},"end":{"line":115,"column":3}},"66":{"start":{"line":111,"column":4},"end":{"line":113,"column":5}},"67":{"start":{"line":112,"column":6},"end":{"line":112,"column":40}},"68":{"start":{"line":114,"column":4},"end":{"line":114,"column":94}},"69":{"start":{"line":114,"column":88},"end":{"line":114,"column":94}},"70":{"start":{"line":118,"column":2},"end":{"line":118,"column":33}},"71":{"start":{"line":119,"column":2},"end":{"line":132,"column":3}},"72":{"start":{"line":121,"column":6},"end":{"line":121,"column":31}},"73":{"start":{"line":127,"column":6},"end":{"line":127,"column":32}},"74":{"start":{"line":128,"column":6},"end":{"line":128,"column":12}},"75":{"start":{"line":131,"column":6},"end":{"line":131,"column":71}},"76":{"start":{"line":134,"column":2},"end":{"line":134,"column":13}},"77":{"start":{"line":135,"column":2},"end":{"line":137,"column":3}},"78":{"start":{"line":136,"column":4},"end":{"line":136,"column":38}},"79":{"start":{"line":142,"column":0},"end":{"line":147,"column":2}},"80":{"start":{"line":143,"column":2},"end":{"line":143,"column":27}},"81":{"start":{"line":143,"column":20},"end":{"line":143,"column":27}},"82":{"start":{"line":144,"column":2},"end":{"line":144,"column":23}},"83":{"start":{"line":145,"column":2},"end":{"line":145,"column":37}},"84":{"start":{"line":146,"column":2},"end":{"line":146,"column":24}},"85":{"start":{"line":149,"column":0},"end":{"line":154,"column":1}},"86":{"start":{"line":150,"column":2},"end":{"line":150,"column":57}},"87":{"start":{"line":151,"column":2},"end":{"line":153,"column":3}},"88":{"start":{"line":152,"column":4},"end":{"line":152,"column":25}},"89":{"start":{"line":156,"column":0},"end":{"line":172,"column":2}},"90":{"start":{"line":157,"column":2},"end":{"line":157,"column":18}},"91":{"start":{"line":158,"column":2},"end":{"line":162,"column":4}},"92":{"start":{"line":159,"column":4},"end":{"line":159,"column":42}},"93":{"start":{"line":160,"column":4},"end":{"line":160,"column":44}},"94":{"start":{"line":161,"column":4},"end":{"line":161,"column":10}},"95":{"start":{"line":164,"column":2},"end":{"line":168,"column":4}},"96":{"start":{"line":165,"column":4},"end":{"line":165,"column":42}},"97":{"start":{"line":166,"column":4},"end":{"line":166,"column":44}},"98":{"start":{"line":167,"column":4},"end":{"line":167,"column":19}},"99":{"start":{"line":169,"column":2},"end":{"line":169,"column":30}},"100":{"start":{"line":170,"column":2},"end":{"line":170,"column":32}},"101":{"start":{"line":171,"column":2},"end":{"line":171,"column":23}},"102":{"start":{"line":175,"column":0},"end":{"line":190,"column":2}},"103":{"start":{"line":176,"column":2},"end":{"line":176,"column":23}},"104":{"start":{"line":178,"column":2},"end":{"line":178,"column":28}},"105":{"start":{"line":178,"column":16},"end":{"line":178,"column":28}},"106":{"start":{"line":181,"column":2},"end":{"line":181,"column":46}},"107":{"start":{"line":181,"column":17},"end":{"line":181,"column":46}},"108":{"start":{"line":185,"column":2},"end":{"line":185,"column":17}},"109":{"start":{"line":187,"column":2},"end":{"line":189,"column":5}},"110":{"start":{"line":188,"column":4},"end":{"line":188,"column":29}},"111":{"start":{"line":194,"column":0},"end":{"line":201,"column":2}},"112":{"start":{"line":195,"column":2},"end":{"line":195,"column":22}},"113":{"start":{"line":196,"column":2},"end":{"line":196,"column":40}},"114":{"start":{"line":197,"column":2},"end":{"line":197,"column":74}},"115":{"start":{"line":197,"column":15},"end":{"line":197,"column":74}},"116":{"start":{"line":198,"column":2},"end":{"line":198,"column":18}},"117":{"start":{"line":199,"column":2},"end":{"line":199,"column":100}},"118":{"start":{"line":199,"column":12},"end":{"line":199,"column":100}},"119":{"start":{"line":200,"column":2},"end":{"line":200,"column":28}},"120":{"start":{"line":203,"column":0},"end":{"line":220,"column":2}},"121":{"start":{"line":204,"column":2},"end":{"line":204,"column":14}},"122":{"start":{"line":206,"column":2},"end":{"line":211,"column":3}},"123":{"start":{"line":207,"column":4},"end":{"line":207,"column":16}},"124":{"start":{"line":208,"column":4},"end":{"line":208,"column":61}},"125":{"start":{"line":208,"column":27},"end":{"line":208,"column":58}},"126":{"start":{"line":210,"column":4},"end":{"line":210,"column":75}},"127":{"start":{"line":210,"column":27},"end":{"line":210,"column":72}},"128":{"start":{"line":213,"column":2},"end":{"line":213,"column":17}},"129":{"start":{"line":215,"column":2},"end":{"line":219,"column":5}},"130":{"start":{"line":216,"column":4},"end":{"line":216,"column":27}},"131":{"start":{"line":216,"column":12},"end":{"line":216,"column":27}},"132":{"start":{"line":218,"column":4},"end":{"line":218,"column":25}},"133":{"start":{"line":222,"column":0},"end":{"line":232,"column":2}},"134":{"start":{"line":223,"column":2},"end":{"line":223,"column":18}},"135":{"start":{"line":224,"column":2},"end":{"line":226,"column":3}},"136":{"start":{"line":225,"column":4},"end":{"line":225,"column":61}},"137":{"start":{"line":228,"column":2},"end":{"line":231,"column":5}},"138":{"start":{"line":229,"column":4},"end":{"line":229,"column":27}},"139":{"start":{"line":229,"column":12},"end":{"line":229,"column":27}},"140":{"start":{"line":230,"column":4},"end":{"line":230,"column":26}},"141":{"start":{"line":234,"column":0},"end":{"line":245,"column":2}},"142":{"start":{"line":235,"column":2},"end":{"line":235,"column":18}},"143":{"start":{"line":237,"column":2},"end":{"line":239,"column":4}},"144":{"start":{"line":238,"column":4},"end":{"line":238,"column":64}},"145":{"start":{"line":241,"column":2},"end":{"line":244,"column":5}},"146":{"start":{"line":242,"column":4},"end":{"line":242,"column":27}},"147":{"start":{"line":242,"column":12},"end":{"line":242,"column":27}},"148":{"start":{"line":243,"column":4},"end":{"line":243,"column":25}},"149":{"start":{"line":247,"column":0},"end":{"line":247,"column":46}},"150":{"start":{"line":248,"column":0},"end":{"line":252,"column":2}},"151":{"start":{"line":249,"column":2},"end":{"line":249,"column":31}},"152":{"start":{"line":250,"column":2},"end":{"line":250,"column":22}},"153":{"start":{"line":251,"column":2},"end":{"line":251,"column":33}},"154":{"start":{"line":255,"column":0},"end":{"line":262,"column":2}},"155":{"start":{"line":256,"column":2},"end":{"line":256,"column":37}},"156":{"start":{"line":258,"column":2},"end":{"line":258,"column":32}},"157":{"start":{"line":259,"column":2},"end":{"line":261,"column":5}},"158":{"start":{"line":260,"column":4},"end":{"line":260,"column":56}},"159":{"start":{"line":264,"column":0},"end":{"line":270,"column":2}},"160":{"start":{"line":265,"column":2},"end":{"line":265,"column":14}},"161":{"start":{"line":266,"column":2},"end":{"line":266,"column":19}},"162":{"start":{"line":267,"column":2},"end":{"line":267,"column":60}},"163":{"start":{"line":268,"column":2},"end":{"line":268,"column":24}},"164":{"start":{"line":269,"column":2},"end":{"line":269,"column":36}},"165":{"start":{"line":272,"column":0},"end":{"line":275,"column":2}},"166":{"start":{"line":273,"column":2},"end":{"line":273,"column":48}},"167":{"start":{"line":274,"column":2},"end":{"line":274,"column":24}},"168":{"start":{"line":277,"column":0},"end":{"line":281,"column":2}},"169":{"start":{"line":278,"column":2},"end":{"line":278,"column":50}},"170":{"start":{"line":279,"column":2},"end":{"line":279,"column":24}},"171":{"start":{"line":280,"column":2},"end":{"line":280,"column":41}},"172":{"start":{"line":283,"column":0},"end":{"line":285,"column":2}},"173":{"start":{"line":284,"column":2},"end":{"line":284,"column":38}},"174":{"start":{"line":287,"column":0},"end":{"line":289,"column":2}},"175":{"start":{"line":288,"column":2},"end":{"line":288,"column":41}},"176":{"start":{"line":292,"column":0},"end":{"line":292,"column":58}}},"branchMap":{"1":{"line":8,"type":"if","locations":[{"start":{"line":8,"column":2},"end":{"line":8,"column":2}},{"start":{"line":8,"column":2},"end":{"line":8,"column":2}}]},"2":{"line":12,"type":"binary-expr","locations":[{"start":{"line":12,"column":11},"end":{"line":12,"column":17}},{"start":{"line":12,"column":21},"end":{"line":12,"column":23}}]},"3":{"line":20,"type":"binary-expr","locations":[{"start":{"line":20,"column":16},"end":{"line":20,"column":28}},{"start":{"line":20,"column":32},"end":{"line":20,"column":37}}]},"4":{"line":24,"type":"binary-expr","locations":[{"start":{"line":24,"column":19},"end":{"line":24,"column":35}},{"start":{"line":24,"column":39},"end":{"line":24,"column":44}}]},"5":{"line":31,"type":"if","locations":[{"start":{"line":31,"column":4},"end":{"line":31,"column":4}},{"start":{"line":31,"column":4},"end":{"line":31,"column":4}}]},"6":{"line":50,"type":"cond-expr","locations":[{"start":{"line":50,"column":31},"end":{"line":50,"column":33}},{"start":{"line":50,"column":36},"end":{"line":50,"column":38}}]},"7":{"line":55,"type":"if","locations":[{"start":{"line":55,"column":6},"end":{"line":55,"column":6}},{"start":{"line":55,"column":6},"end":{"line":55,"column":6}}]},"8":{"line":56,"type":"if","locations":[{"start":{"line":56,"column":8},"end":{"line":56,"column":8}},{"start":{"line":56,"column":8},"end":{"line":56,"column":8}}]},"9":{"line":62,"type":"if","locations":[{"start":{"line":62,"column":6},"end":{"line":62,"column":6}},{"start":{"line":62,"column":6},"end":{"line":62,"column":6}}]},"10":{"line":75,"type":"if","locations":[{"start":{"line":75,"column":2},"end":{"line":75,"column":2}},{"start":{"line":75,"column":2},"end":{"line":75,"column":2}}]},"11":{"line":80,"type":"binary-expr","locations":[{"start":{"line":80,"column":22},"end":{"line":80,"column":29}},{"start":{"line":80,"column":33},"end":{"line":80,"column":55}}]},"12":{"line":85,"type":"if","locations":[{"start":{"line":85,"column":2},"end":{"line":85,"column":2}},{"start":{"line":85,"column":2},"end":{"line":85,"column":2}}]},"13":{"line":96,"type":"if","locations":[{"start":{"line":96,"column":2},"end":{"line":96,"column":2}},{"start":{"line":96,"column":2},"end":{"line":96,"column":2}}]},"14":{"line":104,"type":"if","locations":[{"start":{"line":104,"column":2},"end":{"line":104,"column":2}},{"start":{"line":104,"column":2},"end":{"line":104,"column":2}}]},"15":{"line":111,"type":"if","locations":[{"start":{"line":111,"column":4},"end":{"line":111,"column":4}},{"start":{"line":111,"column":4},"end":{"line":111,"column":4}}]},"16":{"line":114,"type":"if","locations":[{"start":{"line":114,"column":4},"end":{"line":114,"column":4}},{"start":{"line":114,"column":4},"end":{"line":114,"column":4}}]},"17":{"line":114,"type":"binary-expr","locations":[{"start":{"line":114,"column":7},"end":{"line":114,"column":44}},{"start":{"line":114,"column":48},"end":{"line":114,"column":86}}]},"18":{"line":119,"type":"switch","locations":[{"start":{"line":120,"column":4},"end":{"line":121,"column":31}},{"start":{"line":122,"column":4},"end":{"line":122,"column":28}},{"start":{"line":123,"column":4},"end":{"line":123,"column":27}},{"start":{"line":124,"column":4},"end":{"line":124,"column":26}},{"start":{"line":125,"column":4},"end":{"line":125,"column":27}},{"start":{"line":126,"column":4},"end":{"line":129,"column":5}},{"start":{"line":130,"column":4},"end":{"line":131,"column":71}}]},"19":{"line":143,"type":"if","locations":[{"start":{"line":143,"column":2},"end":{"line":143,"column":2}},{"start":{"line":143,"column":2},"end":{"line":143,"column":2}}]},"20":{"line":150,"type":"binary-expr","locations":[{"start":{"line":150,"column":12},"end":{"line":150,"column":35}},{"start":{"line":150,"column":39},"end":{"line":150,"column":56}}]},"21":{"line":151,"type":"if","locations":[{"start":{"line":151,"column":2},"end":{"line":151,"column":2}},{"start":{"line":151,"column":2},"end":{"line":151,"column":2}}]},"22":{"line":178,"type":"if","locations":[{"start":{"line":178,"column":2},"end":{"line":178,"column":2}},{"start":{"line":178,"column":2},"end":{"line":178,"column":2}}]},"23":{"line":181,"type":"if","locations":[{"start":{"line":181,"column":2},"end":{"line":181,"column":2}},{"start":{"line":181,"column":2},"end":{"line":181,"column":2}}]},"24":{"line":197,"type":"if","locations":[{"start":{"line":197,"column":2},"end":{"line":197,"column":2}},{"start":{"line":197,"column":2},"end":{"line":197,"column":2}}]},"25":{"line":199,"type":"if","locations":[{"start":{"line":199,"column":2},"end":{"line":199,"column":2}},{"start":{"line":199,"column":2},"end":{"line":199,"column":2}}]},"26":{"line":199,"type":"binary-expr","locations":[{"start":{"line":199,"column":32},"end":{"line":199,"column":49}},{"start":{"line":199,"column":53},"end":{"line":199,"column":97}}]},"27":{"line":206,"type":"if","locations":[{"start":{"line":206,"column":2},"end":{"line":206,"column":2}},{"start":{"line":206,"column":2},"end":{"line":206,"column":2}}]},"28":{"line":216,"type":"if","locations":[{"start":{"line":216,"column":4},"end":{"line":216,"column":4}},{"start":{"line":216,"column":4},"end":{"line":216,"column":4}}]},"29":{"line":229,"type":"if","locations":[{"start":{"line":229,"column":4},"end":{"line":229,"column":4}},{"start":{"line":229,"column":4},"end":{"line":229,"column":4}}]},"30":{"line":242,"type":"if","locations":[{"start":{"line":242,"column":4},"end":{"line":242,"column":4}},{"start":{"line":242,"column":4},"end":{"line":242,"column":4}}]},"31":{"line":260,"type":"cond-expr","locations":[{"start":{"line":260,"column":25},"end":{"line":260,"column":34}},{"start":{"line":260,"column":37},"end":{"line":260,"column":54}}]},"32":{"line":267,"type":"cond-expr","locations":[{"start":{"line":267,"column":14},"end":{"line":267,"column":26}},{"start":{"line":267,"column":29},"end":{"line":267,"column":35}}]}},"code":["var Libpq = require('libpq');","var EventEmitter = require('events').EventEmitter;","var util = require('util');","var assert = require('assert');","var types = require('pg-types');","","var Client = module.exports = function(config) {","  if(!(this instanceof Client)) {","    return new Client(config);","  }","","  config = config || {};","","  EventEmitter.call(this);","  this.pq = new Libpq();","  this._reading = false;","  this._read = this._read.bind(this);","","  //allow custom type converstion to be passed in","  this._types = config.types || types;","","  //allow config to specify returning results","  //as an array of values instead of a hash","  this.arrayMode = config.arrayMode || false;","  var self = this;","","  //lazy start the reader if notifications are listened for","  //this way if you only run sync queries you wont block","  //the event loop artificially","  this.on('newListener', function(event) {","    if(event != 'notification') return;","    self._startReading();","  });","};","","util.inherits(Client, EventEmitter);","","Client.prototype.connect = function(params, cb) {","  this.pq.connect(params, cb);","};","","Client.prototype.connectSync = function(params) {","  this.pq.connectSync(params);","};","","Client.prototype._parseResults = function(pq, rows) {","  var rowCount = pq.ntuples();","  var colCount = pq.nfields();","  for(var i = 0; i < rowCount; i++) {","    var row = this.arrayMode ? [] : {};","    rows.push(row);","    for(var j = 0; j < colCount; j++) {","      var rawValue = pq.getvalue(i, j);","      var value = rawValue;","      if(rawValue == '') {","        if(pq.getisnull(i, j)) {","          value = null;","        }","      } else {","        value = this._types.getTypeParser(pq.ftype(j))(rawValue);","      }","      if(this.arrayMode) {","        row.push(value);","      } else {","        row[pq.fname(j)] = value;","      }","    }","  }","  return rows;","}","","Client.prototype.end = function(cb) {","  this._stopReading();","  this.pq.finish();","  if(cb) setImmediate(cb);","};","","Client.prototype._readError = function(message) {","  this._stopReading();","  var err = new Error(message || this.pq.errorMessage());","  this.emit('error', err);","};","","Client.prototype._stopReading = function() {","  if(!this._reading) return;","  this._reading = false;","  this.pq.stopReader();","  this.pq.removeListener('readable', this._read);","};","","//called when libpq is readable","Client.prototype._read = function() {","  var pq = this.pq;","  //read waiting data from the socket","  //e.g. clear the pending 'select'","  if(!pq.consumeInput()) {","    //if consumeInput returns false","    //than a read error has been encountered","    return this._readError();","  }","","  //check if there is still outstanding data","  //if so, wait for it all to come in","  if(pq.isBusy()) {","    return;","  }","","  //load our result object","  var rows = []","  while(pq.getResult()) {","    if(pq.resultStatus() == 'PGRES_TUPLES_OK') {","      this._parseResults(this.pq, rows);","    }","    if(pq.resultStatus() == 'PGRES_COPY_OUT' || pq.resultStatus() == 'PGRES_COPY_BOTH') break;","  }","","","  var status = pq.resultStatus();","  switch(status) {","    case 'PGRES_FATAL_ERROR':","      return this._readError();","    case 'PGRES_COMMAND_OK':","    case 'PGRES_TUPLES_OK':","    case 'PGRES_COPY_OUT':","    case 'PGRES_COPY_BOTH':","    case 'PGRES_EMPTY_QUERY': {","      this.emit('result', rows);","      break;","    }","    default:","      return this._readError('unrecognized command status: ' + status);","  }","","  var notice;","  while(notice = this.pq.notifies()) {","    this.emit('notification', notice);","  }","};","","//ensures the client is reading and","//everything is set up for async io","Client.prototype._startReading = function() {","  if(this._reading) return;","  this._reading = true;","  this.pq.on('readable', this._read);","  this.pq.startReader();","};","","var throwIfError = function(pq) {","  var err = pq.resultErrorMessage() || pq.errorMessage();","  if(err) {","    throw new Error(err);","  }","}","","Client.prototype._awaitResult = function(cb) {","  var self = this;","  var onError = function(e) {","    self.removeListener('error', onError);","    self.removeListener('result', onResult);","    cb(e);","  };","","  var onResult = function(rows) {","    self.removeListener('error', onError);","    self.removeListener('result', onResult);","    cb(null, rows);","  };","  this.once('error', onError);","  this.once('result', onResult);","  this._startReading();","};","","//wait for the writable socket to drain","Client.prototype.waitForDrain = function(pq, cb) {","  var res = pq.flush();","  //res of 0 is success","  if(res === 0) return cb();","","  //res of -1 is failure","  if(res === -1) return cb(pq.errorMessage());","","  //otherwise outgoing message didn't flush to socket","  //wait for it to flush and try again","  var self = this","  //you cannot read & write on a socket at the same time","  return pq.writable(function() {","    self.waitForDrain(pq, cb)","  });","};","","//send an async query to libpq and wait for it to","//finish writing query text to the socket","Client.prototype.dispatchQuery = function(pq, fn, cb) {","  this._stopReading();","  var success = pq.setNonBlocking(true);","  if(!success) return cb(new Error('Unable to set non-blocking to true'));","  var sent = fn();","  if(!sent) return cb(new Error(pq.errorMessage() || 'Something went wrong dispatching the query'));","  this.waitForDrain(pq, cb);","};","","Client.prototype.query = function(text, values, cb) {","  var queryFn;","","  if(typeof values == 'function') {","    cb = values;","    queryFn = function() { return self.pq.sendQuery(text); };","  } el
[...]
column":29},"end":{"line":95,"column":44}}},"11":{"name":"(anonymous_11)","line":100,"loc":{"start":{"line":100,"column":22},"end":{"line":100,"column":44}}},"12":{"name":"(anonymous_12)","line":113,"loc":{"start":{"line":113,"column":21},"end":{"line":113,"column":38}}},"13":{"name":"(anonymous_13)","line":115,"loc":{"start":{"line":115,"column":16},"end":{"line":115,"column":27}}},"14":{"name":"(anonymous_14)","line":120,"loc":{"start":{"line":120,"column":18},"end":{"line":120,"column":36}}},"15":{"name":"(anonymous_15)","line":126,"loc":{"start":{"line":126,"column":19},"end":{"line":126,"column":30}}}},"statementMap":{"1":{"start":{"line":1,"column":0},"end":{"line":1,"column":38}},"2":{"start":{"line":2,"column":0},"end":{"line":2,"column":42}},"3":{"start":{"line":3,"column":0},"end":{"line":3,"column":27}},"4":{"start":{"line":5,"column":0},"end":{"line":9,"column":2}},"5":{"start":{"line":6,"column":2},"end":{"line":6,"column":29}},"6":{"start":{"line":7,"column":2},"end":{"line":7,"column":15}},"7":{"start":{"line":8,"column":2},"end":{"line":8,"column":24}},"8":{"start":{"line":11,"column":0},"end":{"line":11,"column":34}},"9":{"start":{"line":14,"column":0},"end":{"line":28,"column":2}},"10":{"start":{"line":15,"column":2},"end":{"line":15,"column":42}},"11":{"start":{"line":18,"column":2},"end":{"line":18,"column":31}},"12":{"start":{"line":18,"column":19},"end":{"line":18,"column":31}},"13":{"start":{"line":21,"column":2},"end":{"line":21,"column":65}},"14":{"start":{"line":21,"column":20},"end":{"line":21,"column":65}},"15":{"start":{"line":24,"column":2},"end":{"line":24,"column":18}},"16":{"start":{"line":25,"column":2},"end":{"line":27,"column":5}},"17":{"start":{"line":26,"column":4},"end":{"line":26,"column":37}},"18":{"start":{"line":30,"column":0},"end":{"line":69,"column":2}},"19":{"start":{"line":31,"column":2},"end":{"line":31,"column":54}},"20":{"start":{"line":32,"column":2},"end":{"line":32,"column":18}},"21":{"start":{"line":34,"column":2},"end":{"line":34,"column":28}},"22":{"start":{"line":36,"column":2},"end":{"line":38,"column":3}},"23":{"start":{"line":37,"column":4},"end":{"line":37,"column":24}},"24":{"start":{"line":39,"column":2},"end":{"line":39,"column":36}},"25":{"start":{"line":42,"column":2},"end":{"line":54,"column":3}},"26":{"start":{"line":46,"column":4},"end":{"line":53,"column":7}},"27":{"start":{"line":47,"column":6},"end":{"line":47,"column":40}},"28":{"start":{"line":50,"column":6},"end":{"line":52,"column":7}},"29":{"start":{"line":51,"column":8},"end":{"line":51,"column":19}},"30":{"start":{"line":57,"column":2},"end":{"line":60,"column":3}},"31":{"start":{"line":58,"column":4},"end":{"line":58,"column":48}},"32":{"start":{"line":59,"column":4},"end":{"line":59,"column":35}},"33":{"start":{"line":66,"column":2},"end":{"line":68,"column":5}},"34":{"start":{"line":67,"column":4},"end":{"line":67,"column":42}},"35":{"start":{"line":72,"column":0},"end":{"line":93,"column":2}},"36":{"start":{"line":73,"column":2},"end":{"line":73,"column":41}},"37":{"start":{"line":74,"column":2},"end":{"line":78,"column":3}},"38":{"start":{"line":75,"column":4},"end":{"line":77,"column":6}},"39":{"start":{"line":76,"column":6},"end":{"line":76,"column":23}},"40":{"start":{"line":79,"column":2},"end":{"line":82,"column":3}},"41":{"start":{"line":81,"column":4},"end":{"line":81,"column":26}},"42":{"start":{"line":83,"column":2},"end":{"line":91,"column":3}},"43":{"start":{"line":84,"column":4},"end":{"line":84,"column":20}},"44":{"start":{"line":85,"column":4},"end":{"line":89,"column":7}},"45":{"start":{"line":86,"column":6},"end":{"line":86,"column":27}},"46":{"start":{"line":87,"column":6},"end":{"line":87,"column":29}},"47":{"start":{"line":88,"column":6},"end":{"line":88,"column":30}},"48":{"start":{"line":90,"column":4},"end":{"line":90,"column":33}},"49":{"start":{"line":92,"column":2},"end":{"line":92,"column":54}},"50":{"start":{"line":95,"column":0},"end":{"line":111,"column":2}},"51":{"start":{"line":96,"column":2},"end":{"line":96,"column":27}},"52":{"start":{"line":96,"column":20},"end":{"line":96,"column":27}},"53":{"start":{"line":97,"column":2},"end":{"line":97,"column":23}},"54":{"start":{"line":99,"column":2},"end":{"line":99,"column":17}},"55":{"start":{"line":100,"column":2},"end":{"line":110,"column":5}},"56":{"start":{"line":101,"column":4},"end":{"line":101,"column":26}},"57":{"start":{"line":102,"column":4},"end":{"line":104,"column":5}},"58":{"start":{"line":103,"column":6},"end":{"line":103,"column":36}},"59":{"start":{"line":105,"column":4},"end":{"line":108,"column":5}},"60":{"start":{"line":107,"column":6},"end":{"line":107,"column":13}},"61":{"start":{"line":109,"column":4},"end":{"line":109,"column":22}},"62":{"start":{"line":113,"column":0},"end":{"line":158,"column":2}},"63":{"start":{"line":115,"column":2},"end":{"line":118,"column":3}},"64":{"start":{"line":116,"column":4},"end":{"line":116,"column":46}},"65":{"start":{"line":117,"column":4},"end":{"line":117,"column":20}},"66":{"start":{"line":120,"column":2},"end":{"line":123,"column":4}},"67":{"start":{"line":121,"column":4},"end":{"line":121,"column":14}},"68":{"start":{"line":122,"column":4},"end":{"line":122,"column":55}},"69":{"start":{"line":126,"column":2},"end":{"line":155,"column":4}},"70":{"start":{"line":130,"column":4},"end":{"line":132,"column":5}},"71":{"start":{"line":131,"column":6},"end":{"line":131,"column":25}},"72":{"start":{"line":136,"column":4},"end":{"line":138,"column":5}},"73":{"start":{"line":137,"column":6},"end":{"line":137,"column":13}},"74":{"start":{"line":141,"column":4},"end":{"line":141,"column":19}},"75":{"start":{"line":145,"column":4},"end":{"line":147,"column":5}},"76":{"start":{"line":146,"column":6},"end":{"line":146,"column":64}},"77":{"start":{"line":149,"column":4},"end":{"line":151,"column":5}},"78":{"start":{"line":150,"column":6},"end":{"line":150,"column":25}},"79":{"start":{"line":153,"column":4},"end":{"line":153,"column":14}},"80":{"start":{"line":154,"column":4},"end":{"line":154,"column":20}},"81":{"start":{"line":156,"column":2},"end":{"line":156,"column":32}},"82":{"start":{"line":157,"column":2},"end":{"line":157,"column":19}}},"branchMap":{"1":{"line":18,"type":"if","locations":[{"start":{"line":18,"column":2},"end":{"line":18,"column":2}},{"start":{"line":18,"column":2},"end":{"line":18,"column":2}}]},"2":{"line":21,"type":"if","locations":[{"start":{"line":21,"column":2},"end":{"line":21,"column":2}},{"start":{"line":21,"column":2},"end":{"line":21,"column":2}}]},"3":{"line":36,"type":"if","locations":[{"start":{"line":36,"column":2},"end":{"line":36,"column":2}},{"start":{"line":36,"column":2},"end":{"line":36,"column":2}}]},"4":{"line":42,"type":"if","locations":[{"start":{"line":42,"column":2},"end":{"line":42,"column":2}},{"start":{"line":42,"column":2},"end":{"line":42,"column":2}}]},"5":{"line":50,"type":"if","locations":[{"start":{"line":50,"column":6},"end":{"line":50,"column":6}},{"start":{"line":50,"column":6},"end":{"line":50,"column":6}}]},"6":{"line":57,"type":"if","locations":[{"start":{"line":57,"column":2},"end":{"line":57,"column":2}},{"start":{"line":57,"column":2},"end":{"line":57,"column":2}}]},"7":{"line":74,"type":"if","locations":[{"start":{"line":74,"column":2},"end":{"line":74,"column":2}},{"start":{"line":74,"column":2},"end":{"line":74,"column":2}}]},"8":{"line":79,"type":"if","locations":[{"start":{"line":79,"column":2},"end":{"line":79,"column":2}},{"start":{"line":79,"column":2},"end":{"line":79,"column":2}}]},"9":{"line":83,"type":"if","locations":[{"start":{"line":83,"column":2},"end":{"line":83,"column":2}},{"start":{"line":83,"column":2},"end":{"line":83,"column":2}}]},"10":{"line":96,"type":"if","locations":[{"start":{"line":96,"column":2},"end":{"line":96,"column":2}},{"start":{"line":96,"column":2},"end":{"line":96,"column":2}}]},"11":{"line":102,"type":"if","locations":[{"start":{"line":102,"column":4},"end":{"line":102,"column":4}},{"start":{"line":102,"column":4},"end":{"line":102,"column":4}}]},"12":{"line":105,"type":"if","locations":[{"start":{"line":105,"column":4},"end":{"line":105,"column":4}},{"start":{"line":105,"column":4},"end":{"line":105,"column":4}}]},"13":{"line":122,"type":"binary-expr","locations":[{"start":{"line":122,"column":24},"end":{"line":122,"column":31}},{"start":{"line":122,"column":35},"end":{"line":122,"column":52}}]},"14":{"line":130,"type":"if","locations":[{"start":{"line":130,"column":4},"end":{"line":130,"column":4}},{"start":{"line":130,"column":4},"end":{"line":130,"column":4}}]},"15":{"line":136,"type":"if","locations":[{"start":{"line":136,"column":4},"end":{"line":136,"column":4}},{"start":{"line":136,"column":4},"end":{"line":136,"column":4}}]},"16":{"line":145,"type":"if","locations":[{"start":{"line":145,"column":4},"end":{"line":145,"column":4}},{"start":{"line":145,"column":4},"end":{"line":145,"column":4}}]},"17":{"line":145,"type":"binary-expr","locations":[{"start":{"line":145,"column":7},"end":{"line":145,"column":21}},{"start":{"line":145,"column":25},"end":{"line":145,"column":62}}]},"18":{"line":149,"type":"if","locations":[{"start":{"line":149,"column":4},"end":{"line":149,"column":4}},{"start":{"line":149,"column":4},"end":{"line":149,"column":4}}]}},"code":["var Duplex = require('stream').Duplex;","var Writable = require('stream').Writable;","var util = require('util');","","var CopyStream = module.exports = function(pq, options) {","  Duplex.call(this, options);","  this.pq = pq;","  this._reading = false;","};","","util.inherits(CopyStream, Duplex);","","//writer methods","CopyStream.prototype._write = function(chunk, encoding, cb) {","  var result = this.pq.putCopyData(chunk);","","  //sent successfully","  if(result === 1) return cb();","","  //error","  if(result === -1) return cb(new Error(this.pq.errorMessage()));","","  //command would block. wait for writable and call again.","  var self = this;","  this.pq.writable(function() {","    self._write(chunk, encoding, cb);","  });","};","","CopyStream.prototype.end = function() {","  var args = Array.prototype.slice.call(arguments, 0);","  var self = this;","","  var callback = args.pop();","","  if(args.length) {","    this.write(args[0]);","  }","  var result = this.pq.putCopyEnd();","","  //sent successfully","  if(result === 1) {","    //consume our results and then call 'end' on the","    //\"parent\" writable class so we can emit 'finish' and","    //all that jazz","    return consumeResults(this.pq, function(err, res) {","      Writable.prototype.end.call(self);","","      //handle possible passing of callback to end method","      if(callback) {","        callback();","      }","    });","  }","","  //error","  if(result === -1) {","    var err = new Error(this.pq.errorMessage());","    return this.emit('error', err);","  }","","  //command would block. wait for writable and call end again","  //don't pass any buffers to end on the second call because","  //we already sent them to possible this.write the first time","  //we called end","  return this.pq.writable(function() {","    return self.end.apply(self, callback);","  });","};","","//reader methods","CopyStream.prototype._consumeBuffer = function(cb) {","  var result = this.pq.getCopyData(true);","  if(result instanceof Buffer) {","    return setImmediate(function() {","      cb(null, result);","    })","  }","  if(result === -1) {","    //end of stream","    return cb(null, null);","  }","  if(result === 0) {","    var self = this;","    this.pq.once('readable', function() {","      self.pq.stopReader();","      self.pq.consumeInput();","      self._consumeBuffer(cb);","    });","    return this.pq.startReader();","  }","  cb(new Error('Unrecognized read status: ' + result))","};","","CopyStream.prototype._read = function(size) {","  if(this._reading) return;","  this._reading = true;","  //console.log('read begin');","  var self = this","  this._consumeBuffer(function(err, buffer) {","    self._reading = false;","    if(err) {","      return self.emit('error', err)","    }","    if(buffer === false) {","      //nothing to read for now, return","      return;","    }","    self.push(buffer);","  });","};","","var consumeResults = function(pq, cb) {","","  var cleanup = function() {","    pq.removeListener('readable', onReadable);","    pq.stopReader();","  }","","  var readError = function(message) {","    cleanup();","    return cb(new Error(message || pq.errorMessage()));","  };","","","  var onReadable = function() {","","    //read waiting data from the socket","    //e.g. clear the pending 'select'","    if(!pq.consumeInput()) {","      return readError();","    }","","    //check if there is still outstanding data","    //if so, wait for it all to come in","    if(pq.isBusy()) {","      return;","    }","","    //load our result object","    pq.getResult();","","    //\"read until results return null\"","    //or in our case ensure we only have one result","    if(pq.getResult() && pq.resultStatus() != 'PGRES_COPY_OUT') {","      return readError('Only one result at a time is accepted');","    }","","    if(pq.resultStatus() == 'PGRES_FATAL_ERROR') {","      return readError();","    }","","    cleanup();","    return cb(null);","  };","  pq.on('readable', onReadable);","  pq.startReader();","};",""],"l":{"1":1,"2":1,"3":1,"5":1,"6":0,"7":0,"8":0,"11":1,"14":1,"15":0,"18":0,"21":0,"24":0,"25":0,"26":0,"30":1,"31":0,"32":0,"34":0,"36":0,"37":0,"39":0,"42":0,"46":0,"47":0,"50":0,"51":0,"57":0,"58":0,"59":0,"66":0,"67":0,"72":1,"73":0,"74":0,"75":0,"76":0,"79":0,"81":0,"83":0,"84":0,"85":0,"86":0,"87":0,"88":0,"90":0,"92":0,"95":1,"96":0,"97":0,"99":0,"100":0,"101":0,"102":0,"103":0,"105":0,"107":0,"109":0,"113":1,"115":0,"116":0,"117":0,"120":0,"121":0,"122":0,"126":0,"130":0,"131":0,"136":0,"137":0,"141":0,"145":0,"146":0,"149":0,"150":0,"153":0,"154":0,"156":0,"157":0}},"/home/travis/build/npmtest/node-npmtest-pg-native/node_modules/pg-native/bench/leaks.js":{"path":"/home/travis/build/npmtest/node-npmtest-pg-native/node_modules/pg-native/bench/leaks.js","s":{"1":2,"2":2,"3":0,"4":0,"5":0,"6":0,"7":0,"8":0,"9":0,"10":0,"11":0,"12":0,"13":0,"14":0,"15":0,"16":0,"17":0,"18":0,"19":0,"20":0,"21":0,"22":0,"23":0,"24":0,"25":0,"26":0,"27":0,"28":0,"29":0,"30":0,"31":0,"32":0,"33":0,"34":0},"b":{"1":[0,0],"2":[0,0]},"f":{"1":0,"2":0,"3":0,"4":0,"5":0,"6":0,"7":0,"8":0,"9":0,"10":0,"11":0},"fnMap":{"1":{"name":"(anonymous_1)","line":4,"loc":{"start":{"line":4,"column":11},"end":{"line":4,"column":22}}},"2":{"name":"(anonymous_2)","line":7,"loc":{"start":{"line":7,"column":16},"end":{"line":7,"column":29}}},"3":{"name":"(anonymous_3)","line":11,"loc":{"start":{"line":11,"column":20},"end":{"line":11,"column":33}}},"4":{"name":"(anonymous_4)","line":15,"loc":{"start":{"line":15,"column":20},"end":{"line":15,"column":33}}},"5":{"name":"(anonymous_5)","line":19,"loc":{"start":{"line":19,"column":17},"end":{"line":19,"column":30}}},"6":{"name":"(anonymous_6)","line":20,"loc":{"start":{"line":20,"column":57},"end":{"line":20,"column":71}}},"7":{"name":"(anonymous_7)","line":26,"loc":{"start":{"line":26,"column":14},"end":{"line":26,"column":27}}},"8":{"name":"(anonymous_8)","line":27,"loc":{"start":{"line":27,"column":40},"end":{"line":27,"column":51}}},"9":{"name":"(anonymous_9)","line":32,"loc":{"start":{"line":32,"column":13},"end":{"line":32,"column":26}}},"10":{"name":"(anonymous_10)","line":40,"loc":{"start":{"line":40,"column":12},"end":{"line":40,"column":25}}},"11":{"name":"(anonymous_11)","line":54,"loc":{"start":{"line":54,"column":20},"end":{"line":54,"column":34}}}},"statementMap":{"1":{"start":{"line":1,"column":0},"end":{"line":1,"column":28}},"2":{"start":{"line":2,"column":0},"end":{"line":2,"column":29}},"3":{"start":{"line":4,"column":0},"end":{"line":59,"column":2}},"4":{"start":{"line":5,"column":2},"end":{"line":5,"column":28}},"5":{"start":{"line":7,"column":2},"end":{"line":9,"column":4}},"6":{"start":{"line":8,"column":4},"end":{"line":8,"column":23}},"7":{"start":{"line":11,"column":2},"end":{"line":13,"column":4}},"8":{"start":{"line":12,"column":4},"end":{"line":12,"column":37}},"9":{"start":{"line":15,"column":2},"end":{"line":17,"column":4}},"10":{"start":{"line":16,"column":4},"end":{"line":16,"column":59}},"11":{"start":{"line":19,"column":2},"end":{"line":24,"column":4}},"12":{"start":{"line":20,"column":4},"end":{"line":23,"column":7}},"13":{"start":{"line":21,"column":6},"end":{"line":21,"column":29}},"14":{"start":{"line":21,"column":14},"end":{"line":21,"column":29}},"15":{"start":{"line":22,"column":6},"end":{"line":22,"column":44}},"16":{"start":{"line":26,"column":2},"end":{"line":30,"column":4}},"17":{"start":{"line":27,"column":4},"end":{"line":29,"column":7}},"18":{"start":{"line":28,"column":6},"end":{"line":28,"column":11}},"19":{"start":{"line":32,"column":2},"end":{"line":38,"column":4}},"20":{"start":{"line":33,"column":4},"end":{"line":33,"column":37}},"21":{"start":{"line":34,"column":4},"end":{"line":34,"column":59}},"22":{"start":{"line":35,"column":4},"end":{"line":35,"column":61}},"23":{"start":{"line":36,"column":4},"end":{"line":36,"column":42}},"24":{"start":{"line":37,"column":4},"end":{"line":37,"column":21}},"25":{"start":{"line":40,"column":2},"end":{"line":42,"column":4}},"26":{"start":{"line":41,"column":4},"end":{"line":41,"column":19}},"27":{"start":{"line":44,"column":2},"end":{"line":51,"column":4}},"28":{"start":{"line":53,"column":2},"end":{"line":53,"column":25}},"29":{"start":{"line":54,"column":2},"end":{"line":58,"column":5}},"30":{"start":{"line":55,"column":4},"end":{"line":55,"column":22}},"31":{"start":{"line":55,"column":12},"end":{"line":55,"column":22}},"32":{"start":{"line":56,"column":4},"end":{"line":56,"column":36}},"33":{"start":{"line":57,"column":4},"end":{"line":57,"column":23}},"34":{"start":{"line":63,"column":0},"end":{"line":63,"column":7}}},"branchMap":{"1":{"line":21,"type":"if","locations":[{"start":{"line":21,"column":6},"end":{"line":21,"column":6}},{"start":{"line":21,"column":6},"end":{"line":21,"column":6}}]},"2":{"line":55,"type":"if","locations":[{"start":{"line":55,"column":4},"end":{"line":55,"column":4}},{"start":{"line":55,"column":4},"end":{"line":55,"column":4}}]}},"code":["var Client = require('../');","var async = require('async');","","var loop = function() {","  var client = new Client();","","  var connect = function(cb) {","    client.connect(cb);","  };","","  var simpleQuery = function(cb) {","    client.query('SELECT NOW()', cb);","  };","","  var paramsQuery = function(cb) {","    client.query('SELECT $1::text as name', ['Brian'], cb);","  };","","  var prepared = function(cb) {","    client.prepare('test', 'SELECT $1::text as name', 1, function(err) {","      if(err) return cb(err);","      client.execute('test', ['Brian'], cb);","    });","  };","","  var error = function(cb) {","    client.query('SELECT ASLKJDASLKJD', function() {","      cb();","    });","  };","","  var sync = function(cb) {","    client.querySync('SELECT NOW()');","    client.querySync('SELECT $1::text as name', ['Brian']);","    client.prepareSync('boom', 'SELECT $1::text as name', 1);","    client.executeSync('boom', ['Brian']);","    setImmediate(cb);","  };","","  var end = function(cb) {","    client.end(cb);","  };","","  var ops = [","    connect,","    simpleQuery,","    paramsQuery,","    prepared,","    sync,","    end","  ];","","  var start = Date.now();","  async.series(ops, function(err) {","    if(err) throw err;","    console.log(Date.now() - start);","    setImmediate(loop);","  });","};","","//on my machine this will consume memory up to about 50 megs of ram","//and then stabalize at that point","loop();",""],"l":{"1":2,"2":2,"4":0,"5":0,"7":0,"8":0,"11":0,"12":0,"15":0,"16":0,"19":0,"20":0,"21":0,"22":0,"26":0,"27":0,"28":0,"32":0,"33":0,"34":0,"35":0,"36":0,"37":0,"40":0,"41":0,"44":0,"53":0,"54":0,"55":0,"56":0,"57":0,"63":0}}}